<?xml version="1.0" encoding="utf-8"?>
<CoverageSession xmlns:xsd="http://www.w3.org/2001/XMLSchema" xmlns:xsi="http://www.w3.org/2001/XMLSchema-instance" Version="4.7.1221.0">
  <Summary numSequencePoints="46" visitedSequencePoints="26" numBranchPoints="18" visitedBranchPoints="10" sequenceCoverage="56.52" branchCoverage="55.56" maxCyclomaticComplexity="7" minCyclomaticComplexity="0" maxCrapScore="56" minCrapScore="0" visitedClasses="2" numClasses="6" visitedMethods="6" numMethods="10" />
  <Modules>
    <Module skippedDueTo="Filter" hash="E8-67-8B-85-E1-E3-20-79-4F-CA-E0-71-70-B9-59-CD-C5-F1-6C-D4">
      <ModulePath>C:\WINDOWS\Microsoft.Net\assembly\GAC_64\mscorlib\v4.0_4.0.0.0__b77a5c561934e089\mscorlib.dll</ModulePath>
      <ModuleTime>2025-12-16T03:09:33.2236998Z</ModuleTime>
      <ModuleName>mscorlib</ModuleName>
      <Classes />
    </Module>
    <Module skippedDueTo="MissingPdb" hash="6D-33-56-E0-A4-70-DD-A6-76-5F-A5-53-74-A4-C5-85-A7-75-E6-6C">
      <ModulePath>C:\Program Files\Microsoft Visual Studio\2022\Professional\Common7\IDE\Extensions\TestPlatform\vstest.console.exe</ModulePath>
      <ModuleTime>2022-08-04T08:21:17.8932176Z</ModuleTime>
      <ModuleName>vstest.console</ModuleName>
      <Classes />
    </Module>
    <Module skippedDueTo="MissingPdb" hash="87-72-94-0E-03-D5-53-0E-E6-C3-DC-CA-02-54-D9-91-09-85-42-63">
      <ModulePath>C:\Program Files\Microsoft Visual Studio\2022\Professional\Common7\IDE\Extensions\TestPlatform\Microsoft.TestPlatform.CoreUtilities.dll</ModulePath>
      <ModuleTime>2022-08-04T08:21:17.048477Z</ModuleTime>
      <ModuleName>Microsoft.TestPlatform.CoreUtilities</ModuleName>
      <Classes />
    </Module>
    <Module skippedDueTo="Filter" hash="58-58-F6-CE-A8-CB-C5-C1-A7-E7-30-E4-95-52-4F-46-5E-CF-B0-CA">
      <ModulePath>C:\WINDOWS\Microsoft.Net\assembly\GAC_MSIL\System\v4.0_4.0.0.0__b77a5c561934e089\System.dll</ModulePath>
      <ModuleTime>2026-03-03T02:23:59.4895421Z</ModuleTime>
      <ModuleName>System</ModuleName>
      <Classes />
    </Module>
    <Module skippedDueTo="MissingPdb" hash="34-55-8B-D2-C1-36-E3-50-6F-2E-14-B8-D4-E5-F4-4A-80-6F-BA-17">
      <ModulePath>C:\Program Files\Microsoft Visual Studio\2022\Professional\Common7\IDE\Extensions\TestPlatform\Microsoft.TestPlatform.PlatformAbstractions.dll</ModulePath>
      <ModuleTime>2022-08-04T08:21:17.0614429Z</ModuleTime>
      <ModuleName>Microsoft.TestPlatform.PlatformAbstractions</ModuleName>
      <Classes />
    </Module>
    <Module skippedDueTo="MissingPdb" hash="79-5F-8C-59-58-E2-2E-61-BD-7A-63-02-E1-A9-E0-80-32-3B-0B-8D">
      <ModulePath>C:\Program Files\Microsoft Visual Studio\2022\Professional\Common7\IDE\Extensions\TestPlatform\Microsoft.VisualStudio.TestPlatform.ObjectModel.dll</ModulePath>
      <ModuleTime>2022-08-04T08:21:17.391587Z</ModuleTime>
      <ModuleName>Microsoft.VisualStudio.TestPlatform.ObjectModel</ModuleName>
      <Classes />
    </Module>
    <Module skippedDueTo="MissingPdb" hash="69-1C-13-02-31-9F-AF-04-B4-4A-99-49-D0-63-00-6C-9A-B2-59-81">
      <ModulePath>C:\Program Files\Microsoft Visual Studio\2022\Professional\Common7\IDE\Extensions\TestPlatform\Microsoft.VisualStudio.TestPlatform.Client.dll</ModulePath>
      <ModuleTime>2022-08-04T08:21:17.3776262Z</ModuleTime>
      <ModuleName>Microsoft.VisualStudio.TestPlatform.Client</ModuleName>
      <Classes />
    </Module>
    <Module skippedDueTo="MissingPdb" hash="29-AE-8F-DD-4E-DF-B4-71-AC-6C-E4-CB-7C-1A-85-E4-AB-12-72-70">
      <ModulePath>C:\Program Files\Microsoft Visual Studio\2022\Professional\Common7\IDE\Extensions\TestPlatform\Microsoft.VisualStudio.TestPlatform.Common.dll</ModulePath>
      <ModuleTime>2022-08-04T08:21:17.3846052Z</ModuleTime>
      <ModuleName>Microsoft.VisualStudio.TestPlatform.Common</ModuleName>
      <Classes />
    </Module>
    <Module skippedDueTo="Filter" hash="70-13-34-77-09-39-09-07-9C-70-E8-72-27-63-61-56-29-2E-04-3E">
      <ModulePath>C:\WINDOWS\Microsoft.Net\assembly\GAC_MSIL\System.Core\v4.0_4.0.0.0__b77a5c561934e089\System.Core.dll</ModulePath>
      <ModuleTime>2025-12-29T20:51:31.6361969Z</ModuleTime>
      <ModuleName>System.Core</ModuleName>
      <Classes />
    </Module>
    <Module skippedDueTo="Filter" hash="40-86-A7-35-49-A2-89-9C-74-37-DA-95-1B-1C-A2-B4-EC-72-DB-9B">
      <ModulePath>C:\WINDOWS\Microsoft.Net\assembly\GAC_MSIL\System.Xml\v4.0_4.0.0.0__b77a5c561934e089\System.Xml.dll</ModulePath>
      <ModuleTime>2024-04-01T07:22:28.7005Z</ModuleTime>
      <ModuleName>System.Xml</ModuleName>
      <Classes />
    </Module>
    <Module skippedDueTo="MissingPdb" hash="AC-03-15-ED-C9-77-A4-BD-1C-76-DE-FC-67-BB-10-CF-48-CE-5F-FF">
      <ModulePath>C:\Program Files\Microsoft Visual Studio\2022\Professional\Common7\IDE\Extensions\TestPlatform\Microsoft.TestPlatform.Utilities.dll</ModulePath>
      <ModuleTime>2022-08-04T08:21:17.0644342Z</ModuleTime>
      <ModuleName>Microsoft.TestPlatform.Utilities</ModuleName>
      <Classes />
    </Module>
    <Module skippedDueTo="MissingPdb" hash="B8-06-35-1F-5C-DD-25-2E-69-D6-CB-B6-D4-99-D8-AC-4A-C8-7B-D3">
      <ModulePath>C:\Program Files\Microsoft Visual Studio\2022\Professional\Common7\IDE\Extensions\TestPlatform\NuGet.Frameworks.dll</ModulePath>
      <ModuleTime>2022-08-04T08:21:17.5142313Z</ModuleTime>
      <ModuleName>NuGet.Frameworks</ModuleName>
      <Classes />
    </Module>
    <Module skippedDueTo="Filter" hash="BC-AA-30-9D-52-79-68-B0-D7-E6-57-4B-26-E2-0A-95-B9-3C-72-72">
      <ModulePath>C:\WINDOWS\Microsoft.Net\assembly\GAC_MSIL\System.Configuration\v4.0_4.0.0.0__b03f5f7f11d50a3a\System.Configuration.dll</ModulePath>
      <ModuleTime>2024-04-01T07:22:28.1692435Z</ModuleTime>
      <ModuleName>System.Configuration</ModuleName>
      <Classes />
    </Module>
    <Module skippedDueTo="MissingPdb" hash="21-A3-50-7A-BB-F9-3B-97-D0-86-7E-29-16-61-36-5D-B1-E9-BA-8A">
      <ModulePath>C:\Program Files\Microsoft Visual Studio\2022\Professional\Common7\IDE\Extensions\TestPlatform\Microsoft.Extensions.FileSystemGlobbing.dll</ModulePath>
      <ModuleTime>2022-08-04T08:21:16.9836494Z</ModuleTime>
      <ModuleName>Microsoft.Extensions.FileSystemGlobbing</ModuleName>
      <Classes />
    </Module>
    <Module skippedDueTo="MissingPdb" hash="EF-81-1D-AD-E7-F3-10-4A-A4-96-1E-40-FC-28-B5-CB-3F-E0-38-CA">
      <ModulePath>C:\Program Files\Microsoft Visual Studio\2022\Professional\Common7\IDE\Extensions\TestPlatform\Microsoft.TestPlatform.CrossPlatEngine.dll</ModulePath>
      <ModuleTime>2022-08-04T08:21:17.0564559Z</ModuleTime>
      <ModuleName>Microsoft.TestPlatform.CrossPlatEngine</ModuleName>
      <Classes />
    </Module>
    <Module skippedDueTo="MissingPdb" hash="7A-19-B2-EE-E3-1E-CD-01-0D-87-2C-48-E9-A4-32-78-B1-45-5B-C7">
      <ModulePath>C:\Program Files\Microsoft Visual Studio\2022\Professional\Common7\IDE\Extensions\TestPlatform\Extensions\DumpMinitool.exe</ModulePath>
      <ModuleTime>2022-08-04T08:21:16.3224944Z</ModuleTime>
      <ModuleName>DumpMinitool</ModuleName>
      <Classes />
    </Module>
    <Module skippedDueTo="Filter" hash="F1-D3-C4-19-F0-A3-97-CA-EE-78-EA-BA-5F-97-56-C8-6D-7F-01-45">
      <ModulePath>C:\Program Files\Microsoft Visual Studio\2022\Professional\Common7\IDE\Extensions\TestPlatform\System.Reflection.Metadata.dll</ModulePath>
      <ModuleTime>2022-08-04T08:21:17.6957455Z</ModuleTime>
      <ModuleName>System.Reflection.Metadata</ModuleName>
      <Classes />
    </Module>
    <Module skippedDueTo="Filter" hash="0F-55-88-6F-96-AE-04-6F-7B-86-44-1A-0F-AC-4D-AE-48-02-18-4A">
      <ModulePath>C:\WINDOWS\Microsoft.Net\assembly\GAC_MSIL\System.Runtime\v4.0_4.0.0.0__b03f5f7f11d50a3a\System.Runtime.dll</ModulePath>
      <ModuleTime>2024-04-01T07:22:27.9817393Z</ModuleTime>
      <ModuleName>System.Runtime</ModuleName>
      <Classes />
    </Module>
    <Module skippedDueTo="Filter" hash="4F-E8-56-69-2F-4B-79-BF-57-16-EC-BB-8E-A4-D4-DA-B8-9B-69-17">
      <ModulePath>C:\WINDOWS\Microsoft.Net\assembly\GAC_MSIL\System.Runtime.InteropServices\v4.0_4.0.0.0__b03f5f7f11d50a3a\System.Runtime.InteropServices.dll</ModulePath>
      <ModuleTime>2024-04-01T07:22:28.1067472Z</ModuleTime>
      <ModuleName>System.Runtime.InteropServices</ModuleName>
      <Classes />
    </Module>
    <Module skippedDueTo="Filter" hash="40-8C-5E-02-97-2A-F3-37-AD-07-CC-FF-5A-59-CF-A8-F1-62-71-FC">
      <ModulePath>C:\WINDOWS\Microsoft.Net\assembly\GAC_MSIL\System.IO\v4.0_4.0.0.0__b03f5f7f11d50a3a\System.IO.dll</ModulePath>
      <ModuleTime>2024-04-01T07:22:28.0286234Z</ModuleTime>
      <ModuleName>System.IO</ModuleName>
      <Classes />
    </Module>
    <Module skippedDueTo="Filter" hash="FB-BF-29-CE-7B-65-70-2C-55-E7-9A-03-D5-24-9F-04-A1-39-0C-A6">
      <ModulePath>C:\Program Files\Microsoft Visual Studio\2022\Professional\Common7\IDE\Extensions\TestPlatform\System.Collections.Immutable.dll</ModulePath>
      <ModuleTime>2022-08-04T08:21:17.6728067Z</ModuleTime>
      <ModuleName>System.Collections.Immutable</ModuleName>
      <Classes />
    </Module>
    <Module skippedDueTo="Filter" hash="F3-22-CA-B2-89-EA-80-64-5C-5B-45-49-39-8B-64-5E-67-BB-38-4B">
      <ModulePath>C:\WINDOWS\Microsoft.Net\assembly\GAC_MSIL\System.Reflection\v4.0_4.0.0.0__b03f5f7f11d50a3a\System.Reflection.dll</ModulePath>
      <ModuleTime>2024-04-01T07:22:28.3098557Z</ModuleTime>
      <ModuleName>System.Reflection</ModuleName>
      <Classes />
    </Module>
    <Module skippedDueTo="Filter" hash="4C-B3-9A-95-A1-B2-E6-A5-DD-CC-FE-0E-2D-13-D0-B4-44-4F-79-20">
      <ModulePath>C:\WINDOWS\Microsoft.Net\assembly\GAC_MSIL\System.IO.FileSystem\v4.0_4.0.0.0__b03f5f7f11d50a3a\System.IO.FileSystem.dll</ModulePath>
      <ModuleTime>2024-04-01T07:22:28.1692435Z</ModuleTime>
      <ModuleName>System.IO.FileSystem</ModuleName>
      <Classes />
    </Module>
    <Module skippedDueTo="Filter" hash="9F-1F-29-F3-BE-D1-A0-EE-44-A3-8F-FA-E3-32-DD-75-51-5F-A7-59">
      <ModulePath>C:\WINDOWS\Microsoft.Net\assembly\GAC_MSIL\System.IO.MemoryMappedFiles\v4.0_4.0.0.0__b03f5f7f11d50a3a\System.IO.MemoryMappedFiles.dll</ModulePath>
      <ModuleTime>2024-04-01T07:22:28.0129901Z</ModuleTime>
      <ModuleName>System.IO.MemoryMappedFiles</ModuleName>
      <Classes />
    </Module>
    <Module skippedDueTo="Filter" hash="AE-D1-C7-89-49-68-86-71-B8-93-EC-78-B7-E9-39-28-74-50-44-91">
      <ModulePath>C:\WINDOWS\Microsoft.Net\assembly\GAC_MSIL\System.Runtime.Handles\v4.0_4.0.0.0__b03f5f7f11d50a3a\System.Runtime.Handles.dll</ModulePath>
      <ModuleTime>2024-04-01T07:22:28.5442379Z</ModuleTime>
      <ModuleName>System.Runtime.Handles</ModuleName>
      <Classes />
    </Module>
    <Module skippedDueTo="Filter" hash="DE-75-19-62-B1-59-C8-83-DD-10-ED-25-7F-CB-2D-94-0E-F3-4F-1B">
      <ModulePath>C:\WINDOWS\Microsoft.Net\assembly\GAC_MSIL\System.Reflection.Extensions\v4.0_4.0.0.0__b03f5f7f11d50a3a\System.Reflection.Extensions.dll</ModulePath>
      <ModuleTime>2024-04-01T07:22:28.606731Z</ModuleTime>
      <ModuleName>System.Reflection.Extensions</ModuleName>
      <Classes />
    </Module>
    <Module skippedDueTo="Filter" hash="BB-EB-48-63-BE-79-C7-BC-18-E6-F9-B3-43-66-FB-1D-95-A0-01-19">
      <ModulePath>C:\WINDOWS\Microsoft.Net\assembly\GAC_MSIL\System.Threading\v4.0_4.0.0.0__b03f5f7f11d50a3a\System.Threading.dll</ModulePath>
      <ModuleTime>2024-04-01T07:22:28.0599665Z</ModuleTime>
      <ModuleName>System.Threading</ModuleName>
      <Classes />
    </Module>
    <Module skippedDueTo="Filter" hash="0A-02-1A-A3-E1-EC-43-C2-95-74-9D-45-31-AE-60-83-2D-A6-78-E0">
      <ModulePath>C:\WINDOWS\Microsoft.Net\assembly\GAC_MSIL\System.Text.Encoding\v4.0_4.0.0.0__b03f5f7f11d50a3a\System.Text.Encoding.dll</ModulePath>
      <ModuleTime>2024-04-01T07:22:28.3411127Z</ModuleTime>
      <ModuleName>System.Text.Encoding</ModuleName>
      <Classes />
    </Module>
    <Module skippedDueTo="Filter" hash="2E-B4-73-F0-82-8F-5E-18-13-F8-FA-B8-61-C5-4E-20-F7-04-B6-F3">
      <ModulePath>C:\WINDOWS\Microsoft.Net\assembly\GAC_MSIL\System.Runtime.Extensions\v4.0_4.0.0.0__b03f5f7f11d50a3a\System.Runtime.Extensions.dll</ModulePath>
      <ModuleTime>2024-04-01T07:22:28.4973692Z</ModuleTime>
      <ModuleName>System.Runtime.Extensions</ModuleName>
      <Classes />
    </Module>
    <Module skippedDueTo="Filter" hash="5D-4A-25-F7-26-5D-CD-BA-AF-AE-D2-3E-1B-BE-92-3B-5F-6A-28-0A">
      <ModulePath>C:\WINDOWS\Microsoft.Net\assembly\GAC_MSIL\System.Text.Encoding.Extensions\v4.0_4.0.0.0__b03f5f7f11d50a3a\System.Text.Encoding.Extensions.dll</ModulePath>
      <ModuleTime>2024-04-01T07:22:28.4348548Z</ModuleTime>
      <ModuleName>System.Text.Encoding.Extensions</ModuleName>
      <Classes />
    </Module>
    <Module skippedDueTo="MissingPdb" hash="83-07-8A-A0-BD-AA-F0-36-E6-68-42-16-5E-BE-F0-B0-32-C3-73-3D">
      <ModulePath>C:\Program Files\Microsoft Visual Studio\2022\Professional\Common7\IDE\Extensions\TestPlatform\Extensions\DumpMinitool.x86.exe</ModulePath>
      <ModuleTime>2022-08-04T08:21:16.3264838Z</ModuleTime>
      <ModuleName>DumpMinitool.x86</ModuleName>
      <Classes />
    </Module>
    <Module skippedDueTo="MissingPdb" hash="14-42-B3-12-B9-8A-38-8D-E9-B1-F7-16-F5-D1-74-1B-E1-6C-22-CE">
      <ModulePath>C:\Program Files\Microsoft Visual Studio\2022\Professional\Common7\IDE\Extensions\TestPlatform\Extensions\Microsoft.TestPlatform.Extensions.BlameDataCollector.dll</ModulePath>
      <ModuleTime>2022-08-04T08:21:16.4171649Z</ModuleTime>
      <ModuleName>Microsoft.TestPlatform.Extensions.BlameDataCollector</ModuleName>
      <Classes />
    </Module>
    <Module skippedDueTo="MissingPdb" hash="D2-E0-DD-99-E4-76-82-0F-EF-87-B7-93-26-B1-6D-67-B7-3A-B5-B8">
      <ModulePath>C:\Program Files\Microsoft Visual Studio\2022\Professional\Common7\IDE\Extensions\TestPlatform\Extensions\Microsoft.TestPlatform.Extensions.EventLogCollector.dll</ModulePath>
      <ModuleTime>2022-08-04T08:21:16.4201568Z</ModuleTime>
      <ModuleName>Microsoft.TestPlatform.Extensions.EventLogCollector</ModuleName>
      <Classes />
    </Module>
    <Module skippedDueTo="MissingPdb" hash="B4-0A-1C-42-CF-BD-95-5E-22-E1-62-61-1F-63-2D-FC-09-36-BE-C5">
      <ModulePath>C:\Program Files\Microsoft Visual Studio\2022\Professional\Common7\IDE\Extensions\TestPlatform\Extensions\Microsoft.TestPlatform.TestHostRuntimeProvider.dll</ModulePath>
      <ModuleTime>2022-08-04T08:21:16.4251438Z</ModuleTime>
      <ModuleName>Microsoft.TestPlatform.TestHostRuntimeProvider</ModuleName>
      <Classes />
    </Module>
    <Module skippedDueTo="MissingPdb" hash="25-96-3B-0B-C1-D5-1D-3C-00-D8-6A-73-FC-45-B4-69-FE-4F-92-CD">
      <ModulePath>C:\Program Files\Microsoft Visual Studio\2022\Professional\Common7\IDE\Extensions\TestPlatform\Microsoft.VisualStudio.ArchitectureTools.PEReader.dll</ModulePath>
      <ModuleTime>2022-08-04T08:21:17.0933569Z</ModuleTime>
      <ModuleName>Microsoft.VisualStudio.ArchitectureTools.PEReader</ModuleName>
      <Classes />
    </Module>
    <Module skippedDueTo="MissingPdb" hash="25-96-3B-0B-C1-D5-1D-3C-00-D8-6A-73-FC-45-B4-69-FE-4F-92-CD">
      <ModulePath>C:\Program Files\Microsoft Visual Studio\2022\Professional\Common7\IDE\Extensions\TestPlatform\Extensions\Microsoft.VisualStudio.ArchitectureTools.PEReader.dll</ModulePath>
      <ModuleTime>2022-08-04T08:21:16.451074Z</ModuleTime>
      <ModuleName>Microsoft.VisualStudio.ArchitectureTools.PEReader</ModuleName>
      <Classes />
    </Module>
    <Module skippedDueTo="MissingPdb" hash="2F-44-E4-11-8C-26-2D-CB-64-A5-0C-35-3B-11-D9-07-80-CF-C2-54">
      <ModulePath>C:\Program Files\Microsoft Visual Studio\2022\Professional\Common7\IDE\Extensions\TestPlatform\Extensions\Microsoft.VisualStudio.Coverage.Core.dll</ModulePath>
      <ModuleTime>2022-08-04T08:21:16.459053Z</ModuleTime>
      <ModuleName>Microsoft.VisualStudio.Coverage.Core</ModuleName>
      <Classes />
    </Module>
    <Module skippedDueTo="MissingPdb" hash="AE-6E-50-A2-81-CB-11-1B-08-11-71-D5-AE-C2-2D-79-7E-1B-4D-CC">
      <ModulePath>C:\WINDOWS\Microsoft.Net\assembly\GAC_MSIL\netstandard\v4.0_2.0.0.0__cc7b13ffcd2ddd51\netstandard.dll</ModulePath>
      <ModuleTime>2024-04-01T07:22:28.4817322Z</ModuleTime>
      <ModuleName>netstandard</ModuleName>
      <Classes />
    </Module>
    <Module skippedDueTo="Filter" hash="18-2E-95-DA-3F-B6-34-0E-83-8F-BB-39-D1-C9-25-71-C6-F4-7F-52">
      <ModulePath>C:\WINDOWS\Microsoft.Net\assembly\GAC_MSIL\System.ValueTuple\v4.0_4.0.0.0__cc7b13ffcd2ddd51\System.ValueTuple.dll</ModulePath>
      <ModuleTime>2024-04-01T07:22:28.6536129Z</ModuleTime>
      <ModuleName>System.ValueTuple</ModuleName>
      <Classes />
    </Module>
    <Module skippedDueTo="Filter" hash="E3-DD-86-43-28-A5-0E-6B-3E-E9-59-28-1D-D8-99-94-AF-9C-1F-8F">
      <ModulePath>C:\WINDOWS\Microsoft.Net\assembly\GAC_MSIL\System.Runtime.InteropServices.RuntimeInformation\v4.0_4.0.0.0__b03f5f7f11d50a3a\System.Runtime.InteropServices.RuntimeInformation.dll</ModulePath>
      <ModuleTime>2024-04-01T07:22:28.3254756Z</ModuleTime>
      <ModuleName>System.Runtime.InteropServices.RuntimeInformation</ModuleName>
      <Classes />
    </Module>
    <Module skippedDueTo="MissingPdb" hash="26-1E-69-A6-2A-1B-B8-E8-AF-5C-FC-68-00-21-FB-DC-11-F6-25-E6">
      <ModulePath>C:\Program Files\Microsoft Visual Studio\2022\Professional\Common7\IDE\Extensions\TestPlatform\Extensions\Microsoft.VisualStudio.Coverage.Instrumentation.dll</ModulePath>
      <ModuleTime>2022-08-04T08:21:16.4630421Z</ModuleTime>
      <ModuleName>Microsoft.VisualStudio.Coverage.Instrumentation</ModuleName>
      <Classes />
    </Module>
    <Module skippedDueTo="MissingPdb" hash="67-81-C2-94-B3-EE-7A-ED-E7-45-D7-32-15-A3-B8-86-FD-72-37-5E">
      <ModulePath>C:\Program Files\Microsoft Visual Studio\2022\Professional\Common7\IDE\Extensions\TestPlatform\Extensions\Microsoft.VisualStudio.Coverage.Interprocess.dll</ModulePath>
      <ModuleTime>2022-08-04T08:21:16.4680285Z</ModuleTime>
      <ModuleName>Microsoft.VisualStudio.Coverage.Interprocess</ModuleName>
      <Classes />
    </Module>
    <Module skippedDueTo="MissingPdb" hash="DD-1D-41-E7-AA-EF-E1-D7-77-02-64-A8-12-2D-14-9F-05-C8-14-0D">
      <ModulePath>C:\Program Files\Microsoft Visual Studio\2022\Professional\Common7\IDE\Extensions\TestPlatform\Extensions\Microsoft.VisualStudio.TestPlatform.Extensions.CodedWebTestAdapter.dll</ModulePath>
      <ModuleTime>2022-08-04T08:21:16.4710196Z</ModuleTime>
      <ModuleName>Microsoft.VisualStudio.TestPlatform.Extensions.CodedWebTestAdapter</ModuleName>
      <Classes />
    </Module>
    <Module skippedDueTo="MissingPdb" hash="69-84-5A-EE-D8-5B-19-00-6B-9B-64-1F-FD-EC-64-B1-D5-09-36-4C">
      <ModulePath>C:\Program Files\Microsoft Visual Studio\2022\Professional\Common7\IDE\Extensions\TestPlatform\Extensions\Microsoft.VisualStudio.TestPlatform.Extensions.TmiAdapter.dll</ModulePath>
      <ModuleTime>2022-08-04T08:21:16.4789975Z</ModuleTime>
      <ModuleName>Microsoft.VisualStudio.TestPlatform.Extensions.TmiAdapter</ModuleName>
      <Classes />
    </Module>
    <Module skippedDueTo="MissingPdb" hash="50-E6-B7-7E-0F-8D-F2-B5-45-9A-66-F9-42-E4-91-2E-47-02-55-63">
      <ModulePath>C:\Program Files\Microsoft Visual Studio\2022\Professional\Common7\IDE\Extensions\TestPlatform\Microsoft.VisualStudio.QualityTools.Common.dll</ModulePath>
      <ModuleTime>2022-08-04T08:21:17.2200472Z</ModuleTime>
      <ModuleName>Microsoft.VisualStudio.QualityTools.Common</ModuleName>
      <Classes />
    </Module>
    <Module skippedDueTo="MissingPdb" hash="3A-F4-65-78-CC-47-7A-3A-17-8C-C4-E0-E6-A2-47-48-65-D8-73-AA">
      <ModulePath>C:\Program Files\Microsoft Visual Studio\2022\Professional\Common7\IDE\Extensions\TestPlatform\Extensions\Microsoft.VisualStudio.TestPlatform.Extensions.Html.TestLogger.dll</ModulePath>
      <ModuleTime>2022-08-04T08:21:16.4740111Z</ModuleTime>
      <ModuleName>Microsoft.VisualStudio.TestPlatform.Extensions.Html.TestLogger</ModuleName>
      <Classes />
    </Module>
    <Module skippedDueTo="MissingPdb" hash="3D-71-F9-0E-92-C7-60-39-08-AA-76-07-FA-05-97-D2-C7-7F-4D-DF">
      <ModulePath>C:\Program Files\Microsoft Visual Studio\2022\Professional\Common7\IDE\Extensions\TestPlatform\Extensions\Microsoft.VisualStudio.TestPlatform.Extensions.Trx.TestLogger.dll</ModulePath>
      <ModuleTime>2022-08-04T08:21:16.482987Z</ModuleTime>
      <ModuleName>Microsoft.VisualStudio.TestPlatform.Extensions.Trx.TestLogger</ModuleName>
      <Classes />
    </Module>
    <Module skippedDueTo="MissingPdb" hash="AA-6F-B2-54-8D-3B-58-3E-20-1F-C5-FE-75-C1-CB-C9-BA-7E-52-10">
      <ModulePath>C:\Program Files\Microsoft Visual Studio\2022\Professional\Common7\IDE\Extensions\TestPlatform\Extensions\Microsoft.VisualStudio.TestPlatform.Extensions.VSTestIntegration.dll</ModulePath>
      <ModuleTime>2022-08-04T08:21:16.4909654Z</ModuleTime>
      <ModuleName>Microsoft.VisualStudio.TestPlatform.Extensions.VSTestIntegration</ModuleName>
      <Classes />
    </Module>
    <Module skippedDueTo="MissingPdb" hash="58-E9-67-FF-B1-65-FF-09-D2-F6-3B-5E-AD-27-71-E7-5A-E5-51-B5">
      <ModulePath>C:\Program Files\Microsoft Visual Studio\2022\Professional\Common7\IDE\Extensions\TestPlatform\Microsoft.VisualStudio.QualityTools.UnitTestFramework.dll</ModulePath>
      <ModuleTime>2022-08-04T08:21:17.3566831Z</ModuleTime>
      <ModuleName>Microsoft.VisualStudio.QualityTools.UnitTestFramework</ModuleName>
      <Classes />
    </Module>
    <Module skippedDueTo="Filter" hash="92-E3-29-50-04-DD-80-04-AF-F7-2B-CB-4B-E8-1A-4F-92-EF-6C-94">
      <ModulePath>C:\WINDOWS\Microsoft.Net\assembly\GAC_64\System.Data\v4.0_4.0.0.0__b77a5c561934e089\System.Data.dll</ModulePath>
      <ModuleTime>2025-12-29T20:51:31.6133501Z</ModuleTime>
      <ModuleName>System.Data</ModuleName>
      <Classes />
    </Module>
    <Module skippedDueTo="MissingPdb" hash="67-09-44-17-81-42-EC-DB-6C-68-91-F5-CE-B5-F0-4E-2E-02-23-F5">
      <ModulePath>C:\Program Files\Microsoft Visual Studio\2022\Professional\Common7\IDE\Extensions\TestPlatform\Extensions\Microsoft.VisualStudio.TestPlatform.Extensions.WebTestAdapter.dll</ModulePath>
      <ModuleTime>2022-08-04T08:21:16.4939579Z</ModuleTime>
      <ModuleName>Microsoft.VisualStudio.TestPlatform.Extensions.WebTestAdapter</ModuleName>
      <Classes />
    </Module>
    <Module skippedDueTo="MissingPdb" hash="D2-29-29-87-31-80-F0-55-C0-54-95-65-F8-E1-99-1F-2A-56-F5-A9">
      <ModulePath>C:\Program Files\Microsoft Visual Studio\2022\Professional\Common7\IDE\Extensions\TestPlatform\Extensions\Microsoft.VisualStudio.TestTools.CppUnitTestFramework.ComInterfaces.dll</ModulePath>
      <ModuleTime>2022-08-04T08:21:16.4969494Z</ModuleTime>
      <ModuleName>Microsoft.VisualStudio.TestTools.CppUnitTestFramework.ComInterfaces</ModuleName>
      <Classes />
    </Module>
    <Module skippedDueTo="MissingPdb" hash="C0-C0-F0-C2-42-E6-AB-EA-B3-F3-6A-9C-1F-A7-E0-23-72-57-48-DD">
      <ModulePath>C:\Program Files\Microsoft Visual Studio\2022\Professional\Common7\IDE\Extensions\TestPlatform\Extensions\Microsoft.VisualStudio.TestTools.CppUnitTestFramework.CppUnitTestExtension.dll</ModulePath>
      <ModuleTime>2022-08-04T08:21:16.5009396Z</ModuleTime>
      <ModuleName>Microsoft.VisualStudio.TestTools.CppUnitTestFramework.CppUnitTestExtension</ModuleName>
      <Classes />
    </Module>
    <Module skippedDueTo="MissingPdb" hash="19-6D-20-63-7B-AD-D3-80-34-BE-42-5A-36-29-EF-F2-A8-3C-66-E4">
      <ModulePath>C:\Program Files\Microsoft Visual Studio\2022\Professional\Common7\IDE\Extensions\TestPlatform\Extensions\Microsoft.VisualStudio.TestTools.DataCollection.MediaRecorder.Model.dll</ModulePath>
      <ModuleTime>2022-08-04T08:21:16.5039307Z</ModuleTime>
      <ModuleName>Microsoft.VisualStudio.TestTools.DataCollection.MediaRecorder.Model</ModuleName>
      <Classes />
    </Module>
    <Module skippedDueTo="MissingPdb" hash="3D-FC-6A-CB-6D-29-3C-6B-43-81-78-7B-1E-B5-88-81-73-E4-4C-FF">
      <ModulePath>C:\Program Files\Microsoft Visual Studio\2022\Professional\Common7\IDE\Extensions\TestPlatform\Extensions\Microsoft.VisualStudio.TestTools.DataCollection.VideoRecorderCollector.dll</ModulePath>
      <ModuleTime>2022-08-04T08:21:16.5079201Z</ModuleTime>
      <ModuleName>Microsoft.VisualStudio.TestTools.DataCollection.VideoRecorderCollector</ModuleName>
      <Classes />
    </Module>
    <Module skippedDueTo="MissingPdb" hash="19-05-FE-C5-98-B4-8E-16-19-82-E9-8F-41-E8-4E-ED-17-04-09-48">
      <ModulePath>C:\Program Files\Microsoft Visual Studio\2022\Professional\Common7\IDE\Extensions\TestPlatform\Extensions\Microsoft.VisualStudio.TraceDataCollector.dll</ModulePath>
      <ModuleTime>2022-08-04T08:21:16.5149018Z</ModuleTime>
      <ModuleName>Microsoft.VisualStudio.TraceDataCollector</ModuleName>
      <Classes />
    </Module>
    <Module skippedDueTo="MissingPdb" hash="4A-91-07-4F-A2-97-87-9E-CD-8F-23-CD-64-15-B7-8C-19-90-AB-EE">
      <ModulePath>C:\Program Files\Microsoft Visual Studio\2022\Professional\Common7\IDE\Extensions\TestPlatform\Extensions\Mono.Cecil.dll</ModulePath>
      <ModuleTime>2022-08-04T08:21:16.5268694Z</ModuleTime>
      <ModuleName>Mono.Cecil</ModuleName>
      <Classes />
    </Module>
    <Module skippedDueTo="MissingPdb" hash="3F-E4-3B-A7-73-9C-0B-AB-FF-6B-00-CE-D3-CC-83-E3-80-A9-1D-BB">
      <ModulePath>C:\Program Files\Microsoft Visual Studio\2022\Professional\Common7\IDE\Extensions\TestPlatform\Extensions\Mono.Cecil.Pdb.dll</ModulePath>
      <ModuleTime>2022-08-04T08:21:16.5318564Z</ModuleTime>
      <ModuleName>Mono.Cecil.Pdb</ModuleName>
      <Classes />
    </Module>
    <Module skippedDueTo="MissingPdb" hash="A8-7B-5F-D4-18-3C-44-33-4C-F4-60-85-38-3C-B0-E6-15-CC-8D-99">
      <ModulePath>C:\Program Files\Microsoft Visual Studio\2022\Professional\Common7\IDE\Extensions\TestPlatform\Microsoft.TestPlatform.CommunicationUtilities.dll</ModulePath>
      <ModuleTime>2022-08-04T08:21:17.0444875Z</ModuleTime>
      <ModuleName>Microsoft.TestPlatform.CommunicationUtilities</ModuleName>
      <Classes />
    </Module>
    <Module skippedDueTo="MissingPdb" hash="CB-89-F5-5B-FD-E8-D3-4C-86-F4-2B-56-76-79-B4-95-73-3F-A3-18">
      <ModulePath>C:\Program Files\Microsoft Visual Studio\2022\Professional\Common7\IDE\Extensions\TestPlatform\Newtonsoft.Json.dll</ModulePath>
      <ModuleTime>2022-08-04T08:21:17.5082751Z</ModuleTime>
      <ModuleName>Newtonsoft.Json</ModuleName>
      <Classes />
    </Module>
    <Module skippedDueTo="Filter" hash="03-5B-80-FF-39-FA-4C-0B-8B-2A-B9-85-A5-7D-E9-25-58-E1-D4-B4">
      <ModulePath>C:\WINDOWS\Microsoft.Net\assembly\GAC_MSIL\System.Collections\v4.0_4.0.0.0__b03f5f7f11d50a3a\System.Collections.dll</ModulePath>
      <ModuleTime>2024-04-01T07:22:28.8411157Z</ModuleTime>
      <ModuleName>System.Collections</ModuleName>
      <Classes />
    </Module>
    <Module skippedDueTo="Filter" hash="35-5E-98-30-A5-0A-58-25-97-2A-15-EA-ED-53-EC-B0-A4-3A-9C-2F">
      <ModulePath>C:\WINDOWS\Microsoft.Net\assembly\GAC_32\mscorlib\v4.0_4.0.0.0__b77a5c561934e089\mscorlib.dll</ModulePath>
      <ModuleTime>2025-12-16T01:12:02Z</ModuleTime>
      <ModuleName>mscorlib</ModuleName>
      <Classes />
    </Module>
    <Module skippedDueTo="MissingPdb" hash="6C-29-A6-1D-39-C1-7A-B1-98-55-93-99-EC-58-45-C1-BB-20-89-D8">
      <ModulePath>C:\Program Files\Microsoft Visual Studio\2022\Professional\Common7\IDE\Extensions\TestPlatform\testhost.net472.x86.exe</ModulePath>
      <ModuleTime>2022-08-04T08:21:17.8124328Z</ModuleTime>
      <ModuleName>testhost.net472.x86</ModuleName>
      <Classes />
    </Module>
    <Module skippedDueTo="MissingPdb" hash="87-72-94-0E-03-D5-53-0E-E6-C3-DC-CA-02-54-D9-91-09-85-42-63">
      <ModulePath>C:\Program Files\Microsoft Visual Studio\2022\Professional\Common7\IDE\Extensions\TestPlatform\Microsoft.TestPlatform.CoreUtilities.dll</ModulePath>
      <ModuleTime>2022-08-04T08:21:17.048477Z</ModuleTime>
      <ModuleName>Microsoft.TestPlatform.CoreUtilities</ModuleName>
      <Classes />
    </Module>
    <Module skippedDueTo="Filter" hash="58-58-F6-CE-A8-CB-C5-C1-A7-E7-30-E4-95-52-4F-46-5E-CF-B0-CA">
      <ModulePath>C:\WINDOWS\Microsoft.Net\assembly\GAC_MSIL\System\v4.0_4.0.0.0__b77a5c561934e089\System.dll</ModulePath>
      <ModuleTime>2026-03-03T02:23:59.4895421Z</ModuleTime>
      <ModuleName>System</ModuleName>
      <Classes />
    </Module>
    <Module skippedDueTo="MissingPdb" hash="34-55-8B-D2-C1-36-E3-50-6F-2E-14-B8-D4-E5-F4-4A-80-6F-BA-17">
      <ModulePath>C:\Program Files\Microsoft Visual Studio\2022\Professional\Common7\IDE\Extensions\TestPlatform\Microsoft.TestPlatform.PlatformAbstractions.dll</ModulePath>
      <ModuleTime>2022-08-04T08:21:17.0614429Z</ModuleTime>
      <ModuleName>Microsoft.TestPlatform.PlatformAbstractions</ModuleName>
      <Classes />
    </Module>
    <Module skippedDueTo="MissingPdb" hash="EF-81-1D-AD-E7-F3-10-4A-A4-96-1E-40-FC-28-B5-CB-3F-E0-38-CA">
      <ModulePath>C:\Program Files\Microsoft Visual Studio\2022\Professional\Common7\IDE\Extensions\TestPlatform\Microsoft.TestPlatform.CrossPlatEngine.dll</ModulePath>
      <ModuleTime>2022-08-04T08:21:17.0564559Z</ModuleTime>
      <ModuleName>Microsoft.TestPlatform.CrossPlatEngine</ModuleName>
      <Classes />
    </Module>
    <Module skippedDueTo="MissingPdb" hash="A8-7B-5F-D4-18-3C-44-33-4C-F4-60-85-38-3C-B0-E6-15-CC-8D-99">
      <ModulePath>C:\Program Files\Microsoft Visual Studio\2022\Professional\Common7\IDE\Extensions\TestPlatform\Microsoft.TestPlatform.CommunicationUtilities.dll</ModulePath>
      <ModuleTime>2022-08-04T08:21:17.0444875Z</ModuleTime>
      <ModuleName>Microsoft.TestPlatform.CommunicationUtilities</ModuleName>
      <Classes />
    </Module>
    <Module skippedDueTo="MissingPdb" hash="79-5F-8C-59-58-E2-2E-61-BD-7A-63-02-E1-A9-E0-80-32-3B-0B-8D">
      <ModulePath>C:\Program Files\Microsoft Visual Studio\2022\Professional\Common7\IDE\Extensions\TestPlatform\Microsoft.VisualStudio.TestPlatform.ObjectModel.dll</ModulePath>
      <ModuleTime>2022-08-04T08:21:17.391587Z</ModuleTime>
      <ModuleName>Microsoft.VisualStudio.TestPlatform.ObjectModel</ModuleName>
      <Classes />
    </Module>
    <Module skippedDueTo="MissingPdb" hash="29-AE-8F-DD-4E-DF-B4-71-AC-6C-E4-CB-7C-1A-85-E4-AB-12-72-70">
      <ModulePath>C:\Program Files\Microsoft Visual Studio\2022\Professional\Common7\IDE\Extensions\TestPlatform\Microsoft.VisualStudio.TestPlatform.Common.dll</ModulePath>
      <ModuleTime>2022-08-04T08:21:17.3846052Z</ModuleTime>
      <ModuleName>Microsoft.VisualStudio.TestPlatform.Common</ModuleName>
      <Classes />
    </Module>
    <Module skippedDueTo="MissingPdb" hash="CB-89-F5-5B-FD-E8-D3-4C-86-F4-2B-56-76-79-B4-95-73-3F-A3-18">
      <ModulePath>C:\Program Files\Microsoft Visual Studio\2022\Professional\Common7\IDE\Extensions\TestPlatform\Newtonsoft.Json.dll</ModulePath>
      <ModuleTime>2022-08-04T08:21:17.5082751Z</ModuleTime>
      <ModuleName>Newtonsoft.Json</ModuleName>
      <Classes />
    </Module>
    <Module skippedDueTo="Filter" hash="BC-AA-30-9D-52-79-68-B0-D7-E6-57-4B-26-E2-0A-95-B9-3C-72-72">
      <ModulePath>C:\WINDOWS\Microsoft.Net\assembly\GAC_MSIL\System.Configuration\v4.0_4.0.0.0__b03f5f7f11d50a3a\System.Configuration.dll</ModulePath>
      <ModuleTime>2024-04-01T07:22:28.1692435Z</ModuleTime>
      <ModuleName>System.Configuration</ModuleName>
      <Classes />
    </Module>
    <Module skippedDueTo="Filter" hash="40-86-A7-35-49-A2-89-9C-74-37-DA-95-1B-1C-A2-B4-EC-72-DB-9B">
      <ModulePath>C:\WINDOWS\Microsoft.Net\assembly\GAC_MSIL\System.Xml\v4.0_4.0.0.0__b77a5c561934e089\System.Xml.dll</ModulePath>
      <ModuleTime>2024-04-01T07:22:28.7005Z</ModuleTime>
      <ModuleName>System.Xml</ModuleName>
      <Classes />
    </Module>
    <Module skippedDueTo="Filter" hash="98-84-32-FF-C0-97-04-99-A5-EB-06-39-DB-55-0A-46-46-66-1F-E6">
      <ModulePath>C:\WINDOWS\Microsoft.Net\assembly\GAC_MSIL\System.Numerics\v4.0_4.0.0.0__b77a5c561934e089\System.Numerics.dll</ModulePath>
      <ModuleTime>2024-04-01T07:22:28.4973692Z</ModuleTime>
      <ModuleName>System.Numerics</ModuleName>
      <Classes />
    </Module>
    <Module skippedDueTo="Filter" hash="D0-35-BB-50-54-A9-51-69-07-9F-3B-59-3A-26-85-1A-27-7A-CB-77">
      <ModulePath>C:\WINDOWS\Microsoft.Net\assembly\GAC_MSIL\System.Runtime.Serialization\v4.0_4.0.0.0__b77a5c561934e089\System.Runtime.Serialization.dll</ModulePath>
      <ModuleTime>2026-03-03T01:32:39.4527632Z</ModuleTime>
      <ModuleName>System.Runtime.Serialization</ModuleName>
      <Classes />
    </Module>
    <Module skippedDueTo="Filter" hash="8B-79-C3-D5-74-42-E3-9E-49-4E-8B-14-FE-F6-FB-28-1E-3C-88-DC">
      <ModulePath>C:\WINDOWS\Microsoft.Net\assembly\GAC_MSIL\System.Xml.Linq\v4.0_4.0.0.0__b77a5c561934e089\System.Xml.Linq.dll</ModulePath>
      <ModuleTime>2024-04-01T07:22:28.1536204Z</ModuleTime>
      <ModuleName>System.Xml.Linq</ModuleName>
      <Classes />
    </Module>
    <Module skippedDueTo="Filter" hash="70-13-34-77-09-39-09-07-9C-70-E8-72-27-63-61-56-29-2E-04-3E">
      <ModulePath>C:\WINDOWS\Microsoft.Net\assembly\GAC_MSIL\System.Core\v4.0_4.0.0.0__b77a5c561934e089\System.Core.dll</ModulePath>
      <ModuleTime>2025-12-29T20:51:31.6361969Z</ModuleTime>
      <ModuleName>System.Core</ModuleName>
      <Classes />
    </Module>
    <Module skippedDueTo="Filter" hash="98-84-32-FF-C0-97-04-99-A5-EB-06-39-DB-55-0A-46-46-66-1F-E6">
      <ModulePath>C:\WINDOWS\Microsoft.Net\assembly\GAC_MSIL\System.Numerics\v4.0_4.0.0.0__b77a5c561934e089\System.Numerics.dll</ModulePath>
      <ModuleTime>2024-04-01T07:22:28.4973692Z</ModuleTime>
      <ModuleName>System.Numerics</ModuleName>
      <Classes />
    </Module>
    <Module skippedDueTo="Filter" hash="D0-35-BB-50-54-A9-51-69-07-9F-3B-59-3A-26-85-1A-27-7A-CB-77">
      <ModulePath>C:\WINDOWS\Microsoft.Net\assembly\GAC_MSIL\System.Runtime.Serialization\v4.0_4.0.0.0__b77a5c561934e089\System.Runtime.Serialization.dll</ModulePath>
      <ModuleTime>2026-03-03T01:32:39.4527632Z</ModuleTime>
      <ModuleName>System.Runtime.Serialization</ModuleName>
      <Classes />
    </Module>
    <Module skippedDueTo="Filter" hash="8B-79-C3-D5-74-42-E3-9E-49-4E-8B-14-FE-F6-FB-28-1E-3C-88-DC">
      <ModulePath>C:\WINDOWS\Microsoft.Net\assembly\GAC_MSIL\System.Xml.Linq\v4.0_4.0.0.0__b77a5c561934e089\System.Xml.Linq.dll</ModulePath>
      <ModuleTime>2024-04-01T07:22:28.1536204Z</ModuleTime>
      <ModuleName>System.Xml.Linq</ModuleName>
      <Classes />
    </Module>
    <Module skippedDueTo="Filter" hash="E0-BA-C1-03-18-E8-77-46-48-6D-0D-18-BF-69-94-72-27-78-29-AC">
      <ModulePath>C:\WINDOWS\Microsoft.Net\assembly\GAC_32\System.Data\v4.0_4.0.0.0__b77a5c561934e089\System.Data.dll</ModulePath>
      <ModuleTime>2025-12-29T20:51:31.6204001Z</ModuleTime>
      <ModuleName>System.Data</ModuleName>
      <Classes />
    </Module>
    <Module skippedDueTo="MissingPdb" hash="7A-19-B2-EE-E3-1E-CD-01-0D-87-2C-48-E9-A4-32-78-B1-45-5B-C7">
      <ModulePath>C:\Program Files\Microsoft Visual Studio\2022\Professional\Common7\IDE\Extensions\TestPlatform\Extensions\DumpMinitool.exe</ModulePath>
      <ModuleTime>2022-08-04T08:21:16.3224944Z</ModuleTime>
      <ModuleName>DumpMinitool</ModuleName>
      <Classes />
    </Module>
    <Module skippedDueTo="Filter" hash="F1-D3-C4-19-F0-A3-97-CA-EE-78-EA-BA-5F-97-56-C8-6D-7F-01-45">
      <ModulePath>C:\Program Files\Microsoft Visual Studio\2022\Professional\Common7\IDE\Extensions\TestPlatform\System.Reflection.Metadata.dll</ModulePath>
      <ModuleTime>2022-08-04T08:21:17.6957455Z</ModuleTime>
      <ModuleName>System.Reflection.Metadata</ModuleName>
      <Classes />
    </Module>
    <Module skippedDueTo="Filter" hash="0F-55-88-6F-96-AE-04-6F-7B-86-44-1A-0F-AC-4D-AE-48-02-18-4A">
      <ModulePath>C:\WINDOWS\Microsoft.Net\assembly\GAC_MSIL\System.Runtime\v4.0_4.0.0.0__b03f5f7f11d50a3a\System.Runtime.dll</ModulePath>
      <ModuleTime>2024-04-01T07:22:27.9817393Z</ModuleTime>
      <ModuleName>System.Runtime</ModuleName>
      <Classes />
    </Module>
    <Module skippedDueTo="Filter" hash="4F-E8-56-69-2F-4B-79-BF-57-16-EC-BB-8E-A4-D4-DA-B8-9B-69-17">
      <ModulePath>C:\WINDOWS\Microsoft.Net\assembly\GAC_MSIL\System.Runtime.InteropServices\v4.0_4.0.0.0__b03f5f7f11d50a3a\System.Runtime.InteropServices.dll</ModulePath>
      <ModuleTime>2024-04-01T07:22:28.1067472Z</ModuleTime>
      <ModuleName>System.Runtime.InteropServices</ModuleName>
      <Classes />
    </Module>
    <Module skippedDueTo="Filter" hash="40-8C-5E-02-97-2A-F3-37-AD-07-CC-FF-5A-59-CF-A8-F1-62-71-FC">
      <ModulePath>C:\WINDOWS\Microsoft.Net\assembly\GAC_MSIL\System.IO\v4.0_4.0.0.0__b03f5f7f11d50a3a\System.IO.dll</ModulePath>
      <ModuleTime>2024-04-01T07:22:28.0286234Z</ModuleTime>
      <ModuleName>System.IO</ModuleName>
      <Classes />
    </Module>
    <Module skippedDueTo="Filter" hash="FB-BF-29-CE-7B-65-70-2C-55-E7-9A-03-D5-24-9F-04-A1-39-0C-A6">
      <ModulePath>C:\Program Files\Microsoft Visual Studio\2022\Professional\Common7\IDE\Extensions\TestPlatform\System.Collections.Immutable.dll</ModulePath>
      <ModuleTime>2022-08-04T08:21:17.6728067Z</ModuleTime>
      <ModuleName>System.Collections.Immutable</ModuleName>
      <Classes />
    </Module>
    <Module skippedDueTo="Filter" hash="F3-22-CA-B2-89-EA-80-64-5C-5B-45-49-39-8B-64-5E-67-BB-38-4B">
      <ModulePath>C:\WINDOWS\Microsoft.Net\assembly\GAC_MSIL\System.Reflection\v4.0_4.0.0.0__b03f5f7f11d50a3a\System.Reflection.dll</ModulePath>
      <ModuleTime>2024-04-01T07:22:28.3098557Z</ModuleTime>
      <ModuleName>System.Reflection</ModuleName>
      <Classes />
    </Module>
    <Module skippedDueTo="Filter" hash="4C-B3-9A-95-A1-B2-E6-A5-DD-CC-FE-0E-2D-13-D0-B4-44-4F-79-20">
      <ModulePath>C:\WINDOWS\Microsoft.Net\assembly\GAC_MSIL\System.IO.FileSystem\v4.0_4.0.0.0__b03f5f7f11d50a3a\System.IO.FileSystem.dll</ModulePath>
      <ModuleTime>2024-04-01T07:22:28.1692435Z</ModuleTime>
      <ModuleName>System.IO.FileSystem</ModuleName>
      <Classes />
    </Module>
    <Module skippedDueTo="Filter" hash="9F-1F-29-F3-BE-D1-A0-EE-44-A3-8F-FA-E3-32-DD-75-51-5F-A7-59">
      <ModulePath>C:\WINDOWS\Microsoft.Net\assembly\GAC_MSIL\System.IO.MemoryMappedFiles\v4.0_4.0.0.0__b03f5f7f11d50a3a\System.IO.MemoryMappedFiles.dll</ModulePath>
      <ModuleTime>2024-04-01T07:22:28.0129901Z</ModuleTime>
      <ModuleName>System.IO.MemoryMappedFiles</ModuleName>
      <Classes />
    </Module>
    <Module skippedDueTo="Filter" hash="AE-D1-C7-89-49-68-86-71-B8-93-EC-78-B7-E9-39-28-74-50-44-91">
      <ModulePath>C:\WINDOWS\Microsoft.Net\assembly\GAC_MSIL\System.Runtime.Handles\v4.0_4.0.0.0__b03f5f7f11d50a3a\System.Runtime.Handles.dll</ModulePath>
      <ModuleTime>2024-04-01T07:22:28.5442379Z</ModuleTime>
      <ModuleName>System.Runtime.Handles</ModuleName>
      <Classes />
    </Module>
    <Module skippedDueTo="Filter" hash="DE-75-19-62-B1-59-C8-83-DD-10-ED-25-7F-CB-2D-94-0E-F3-4F-1B">
      <ModulePath>C:\WINDOWS\Microsoft.Net\assembly\GAC_MSIL\System.Reflection.Extensions\v4.0_4.0.0.0__b03f5f7f11d50a3a\System.Reflection.Extensions.dll</ModulePath>
      <ModuleTime>2024-04-01T07:22:28.606731Z</ModuleTime>
      <ModuleName>System.Reflection.Extensions</ModuleName>
      <Classes />
    </Module>
    <Module skippedDueTo="Filter" hash="BB-EB-48-63-BE-79-C7-BC-18-E6-F9-B3-43-66-FB-1D-95-A0-01-19">
      <ModulePath>C:\WINDOWS\Microsoft.Net\assembly\GAC_MSIL\System.Threading\v4.0_4.0.0.0__b03f5f7f11d50a3a\System.Threading.dll</ModulePath>
      <ModuleTime>2024-04-01T07:22:28.0599665Z</ModuleTime>
      <ModuleName>System.Threading</ModuleName>
      <Classes />
    </Module>
    <Module skippedDueTo="Filter" hash="0A-02-1A-A3-E1-EC-43-C2-95-74-9D-45-31-AE-60-83-2D-A6-78-E0">
      <ModulePath>C:\WINDOWS\Microsoft.Net\assembly\GAC_MSIL\System.Text.Encoding\v4.0_4.0.0.0__b03f5f7f11d50a3a\System.Text.Encoding.dll</ModulePath>
      <ModuleTime>2024-04-01T07:22:28.3411127Z</ModuleTime>
      <ModuleName>System.Text.Encoding</ModuleName>
      <Classes />
    </Module>
    <Module skippedDueTo="Filter" hash="2E-B4-73-F0-82-8F-5E-18-13-F8-FA-B8-61-C5-4E-20-F7-04-B6-F3">
      <ModulePath>C:\WINDOWS\Microsoft.Net\assembly\GAC_MSIL\System.Runtime.Extensions\v4.0_4.0.0.0__b03f5f7f11d50a3a\System.Runtime.Extensions.dll</ModulePath>
      <ModuleTime>2024-04-01T07:22:28.4973692Z</ModuleTime>
      <ModuleName>System.Runtime.Extensions</ModuleName>
      <Classes />
    </Module>
    <Module skippedDueTo="Filter" hash="5D-4A-25-F7-26-5D-CD-BA-AF-AE-D2-3E-1B-BE-92-3B-5F-6A-28-0A">
      <ModulePath>C:\WINDOWS\Microsoft.Net\assembly\GAC_MSIL\System.Text.Encoding.Extensions\v4.0_4.0.0.0__b03f5f7f11d50a3a\System.Text.Encoding.Extensions.dll</ModulePath>
      <ModuleTime>2024-04-01T07:22:28.4348548Z</ModuleTime>
      <ModuleName>System.Text.Encoding.Extensions</ModuleName>
      <Classes />
    </Module>
    <Module skippedDueTo="MissingPdb" hash="83-07-8A-A0-BD-AA-F0-36-E6-68-42-16-5E-BE-F0-B0-32-C3-73-3D">
      <ModulePath>C:\Program Files\Microsoft Visual Studio\2022\Professional\Common7\IDE\Extensions\TestPlatform\Extensions\DumpMinitool.x86.exe</ModulePath>
      <ModuleTime>2022-08-04T08:21:16.3264838Z</ModuleTime>
      <ModuleName>DumpMinitool.x86</ModuleName>
      <Classes />
    </Module>
    <Module skippedDueTo="MissingPdb" hash="14-42-B3-12-B9-8A-38-8D-E9-B1-F7-16-F5-D1-74-1B-E1-6C-22-CE">
      <ModulePath>C:\Program Files\Microsoft Visual Studio\2022\Professional\Common7\IDE\Extensions\TestPlatform\Extensions\Microsoft.TestPlatform.Extensions.BlameDataCollector.dll</ModulePath>
      <ModuleTime>2022-08-04T08:21:16.4171649Z</ModuleTime>
      <ModuleName>Microsoft.TestPlatform.Extensions.BlameDataCollector</ModuleName>
      <Classes />
    </Module>
    <Module skippedDueTo="MissingPdb" hash="D2-E0-DD-99-E4-76-82-0F-EF-87-B7-93-26-B1-6D-67-B7-3A-B5-B8">
      <ModulePath>C:\Program Files\Microsoft Visual Studio\2022\Professional\Common7\IDE\Extensions\TestPlatform\Extensions\Microsoft.TestPlatform.Extensions.EventLogCollector.dll</ModulePath>
      <ModuleTime>2022-08-04T08:21:16.4201568Z</ModuleTime>
      <ModuleName>Microsoft.TestPlatform.Extensions.EventLogCollector</ModuleName>
      <Classes />
    </Module>
    <Module skippedDueTo="MissingPdb" hash="B4-0A-1C-42-CF-BD-95-5E-22-E1-62-61-1F-63-2D-FC-09-36-BE-C5">
      <ModulePath>C:\Program Files\Microsoft Visual Studio\2022\Professional\Common7\IDE\Extensions\TestPlatform\Extensions\Microsoft.TestPlatform.TestHostRuntimeProvider.dll</ModulePath>
      <ModuleTime>2022-08-04T08:21:16.4251438Z</ModuleTime>
      <ModuleName>Microsoft.TestPlatform.TestHostRuntimeProvider</ModuleName>
      <Classes />
    </Module>
    <Module skippedDueTo="MissingPdb" hash="25-96-3B-0B-C1-D5-1D-3C-00-D8-6A-73-FC-45-B4-69-FE-4F-92-CD">
      <ModulePath>C:\Program Files\Microsoft Visual Studio\2022\Professional\Common7\IDE\Extensions\TestPlatform\Microsoft.VisualStudio.ArchitectureTools.PEReader.dll</ModulePath>
      <ModuleTime>2022-08-04T08:21:17.0933569Z</ModuleTime>
      <ModuleName>Microsoft.VisualStudio.ArchitectureTools.PEReader</ModuleName>
      <Classes />
    </Module>
    <Module skippedDueTo="MissingPdb" hash="25-96-3B-0B-C1-D5-1D-3C-00-D8-6A-73-FC-45-B4-69-FE-4F-92-CD">
      <ModulePath>C:\Program Files\Microsoft Visual Studio\2022\Professional\Common7\IDE\Extensions\TestPlatform\Extensions\Microsoft.VisualStudio.ArchitectureTools.PEReader.dll</ModulePath>
      <ModuleTime>2022-08-04T08:21:16.451074Z</ModuleTime>
      <ModuleName>Microsoft.VisualStudio.ArchitectureTools.PEReader</ModuleName>
      <Classes />
    </Module>
    <Module skippedDueTo="MissingPdb" hash="2F-44-E4-11-8C-26-2D-CB-64-A5-0C-35-3B-11-D9-07-80-CF-C2-54">
      <ModulePath>C:\Program Files\Microsoft Visual Studio\2022\Professional\Common7\IDE\Extensions\TestPlatform\Extensions\Microsoft.VisualStudio.Coverage.Core.dll</ModulePath>
      <ModuleTime>2022-08-04T08:21:16.459053Z</ModuleTime>
      <ModuleName>Microsoft.VisualStudio.Coverage.Core</ModuleName>
      <Classes />
    </Module>
    <Module skippedDueTo="MissingPdb" hash="AE-6E-50-A2-81-CB-11-1B-08-11-71-D5-AE-C2-2D-79-7E-1B-4D-CC">
      <ModulePath>C:\WINDOWS\Microsoft.Net\assembly\GAC_MSIL\netstandard\v4.0_2.0.0.0__cc7b13ffcd2ddd51\netstandard.dll</ModulePath>
      <ModuleTime>2024-04-01T07:22:28.4817322Z</ModuleTime>
      <ModuleName>netstandard</ModuleName>
      <Classes />
    </Module>
    <Module skippedDueTo="Filter" hash="18-2E-95-DA-3F-B6-34-0E-83-8F-BB-39-D1-C9-25-71-C6-F4-7F-52">
      <ModulePath>C:\WINDOWS\Microsoft.Net\assembly\GAC_MSIL\System.ValueTuple\v4.0_4.0.0.0__cc7b13ffcd2ddd51\System.ValueTuple.dll</ModulePath>
      <ModuleTime>2024-04-01T07:22:28.6536129Z</ModuleTime>
      <ModuleName>System.ValueTuple</ModuleName>
      <Classes />
    </Module>
    <Module skippedDueTo="Filter" hash="E3-DD-86-43-28-A5-0E-6B-3E-E9-59-28-1D-D8-99-94-AF-9C-1F-8F">
      <ModulePath>C:\WINDOWS\Microsoft.Net\assembly\GAC_MSIL\System.Runtime.InteropServices.RuntimeInformation\v4.0_4.0.0.0__b03f5f7f11d50a3a\System.Runtime.InteropServices.RuntimeInformation.dll</ModulePath>
      <ModuleTime>2024-04-01T07:22:28.3254756Z</ModuleTime>
      <ModuleName>System.Runtime.InteropServices.RuntimeInformation</ModuleName>
      <Classes />
    </Module>
    <Module skippedDueTo="MissingPdb" hash="26-1E-69-A6-2A-1B-B8-E8-AF-5C-FC-68-00-21-FB-DC-11-F6-25-E6">
      <ModulePath>C:\Program Files\Microsoft Visual Studio\2022\Professional\Common7\IDE\Extensions\TestPlatform\Extensions\Microsoft.VisualStudio.Coverage.Instrumentation.dll</ModulePath>
      <ModuleTime>2022-08-04T08:21:16.4630421Z</ModuleTime>
      <ModuleName>Microsoft.VisualStudio.Coverage.Instrumentation</ModuleName>
      <Classes />
    </Module>
    <Module skippedDueTo="MissingPdb" hash="67-81-C2-94-B3-EE-7A-ED-E7-45-D7-32-15-A3-B8-86-FD-72-37-5E">
      <ModulePath>C:\Program Files\Microsoft Visual Studio\2022\Professional\Common7\IDE\Extensions\TestPlatform\Extensions\Microsoft.VisualStudio.Coverage.Interprocess.dll</ModulePath>
      <ModuleTime>2022-08-04T08:21:16.4680285Z</ModuleTime>
      <ModuleName>Microsoft.VisualStudio.Coverage.Interprocess</ModuleName>
      <Classes />
    </Module>
    <Module skippedDueTo="MissingPdb" hash="DD-1D-41-E7-AA-EF-E1-D7-77-02-64-A8-12-2D-14-9F-05-C8-14-0D">
      <ModulePath>C:\Program Files\Microsoft Visual Studio\2022\Professional\Common7\IDE\Extensions\TestPlatform\Extensions\Microsoft.VisualStudio.TestPlatform.Extensions.CodedWebTestAdapter.dll</ModulePath>
      <ModuleTime>2022-08-04T08:21:16.4710196Z</ModuleTime>
      <ModuleName>Microsoft.VisualStudio.TestPlatform.Extensions.CodedWebTestAdapter</ModuleName>
      <Classes />
    </Module>
    <Module skippedDueTo="MissingPdb" hash="69-84-5A-EE-D8-5B-19-00-6B-9B-64-1F-FD-EC-64-B1-D5-09-36-4C">
      <ModulePath>C:\Program Files\Microsoft Visual Studio\2022\Professional\Common7\IDE\Extensions\TestPlatform\Extensions\Microsoft.VisualStudio.TestPlatform.Extensions.TmiAdapter.dll</ModulePath>
      <ModuleTime>2022-08-04T08:21:16.4789975Z</ModuleTime>
      <ModuleName>Microsoft.VisualStudio.TestPlatform.Extensions.TmiAdapter</ModuleName>
      <Classes />
    </Module>
    <Module skippedDueTo="MissingPdb" hash="50-E6-B7-7E-0F-8D-F2-B5-45-9A-66-F9-42-E4-91-2E-47-02-55-63">
      <ModulePath>C:\Program Files\Microsoft Visual Studio\2022\Professional\Common7\IDE\Extensions\TestPlatform\Microsoft.VisualStudio.QualityTools.Common.dll</ModulePath>
      <ModuleTime>2022-08-04T08:21:17.2200472Z</ModuleTime>
      <ModuleName>Microsoft.VisualStudio.QualityTools.Common</ModuleName>
      <Classes />
    </Module>
    <Module skippedDueTo="MissingPdb" hash="3A-F4-65-78-CC-47-7A-3A-17-8C-C4-E0-E6-A2-47-48-65-D8-73-AA">
      <ModulePath>C:\Program Files\Microsoft Visual Studio\2022\Professional\Common7\IDE\Extensions\TestPlatform\Extensions\Microsoft.VisualStudio.TestPlatform.Extensions.Html.TestLogger.dll</ModulePath>
      <ModuleTime>2022-08-04T08:21:16.4740111Z</ModuleTime>
      <ModuleName>Microsoft.VisualStudio.TestPlatform.Extensions.Html.TestLogger</ModuleName>
      <Classes />
    </Module>
    <Module skippedDueTo="MissingPdb" hash="3D-71-F9-0E-92-C7-60-39-08-AA-76-07-FA-05-97-D2-C7-7F-4D-DF">
      <ModulePath>C:\Program Files\Microsoft Visual Studio\2022\Professional\Common7\IDE\Extensions\TestPlatform\Extensions\Microsoft.VisualStudio.TestPlatform.Extensions.Trx.TestLogger.dll</ModulePath>
      <ModuleTime>2022-08-04T08:21:16.482987Z</ModuleTime>
      <ModuleName>Microsoft.VisualStudio.TestPlatform.Extensions.Trx.TestLogger</ModuleName>
      <Classes />
    </Module>
    <Module skippedDueTo="MissingPdb" hash="AA-6F-B2-54-8D-3B-58-3E-20-1F-C5-FE-75-C1-CB-C9-BA-7E-52-10">
      <ModulePath>C:\Program Files\Microsoft Visual Studio\2022\Professional\Common7\IDE\Extensions\TestPlatform\Extensions\Microsoft.VisualStudio.TestPlatform.Extensions.VSTestIntegration.dll</ModulePath>
      <ModuleTime>2022-08-04T08:21:16.4909654Z</ModuleTime>
      <ModuleName>Microsoft.VisualStudio.TestPlatform.Extensions.VSTestIntegration</ModuleName>
      <Classes />
    </Module>
    <Module skippedDueTo="MissingPdb" hash="58-E9-67-FF-B1-65-FF-09-D2-F6-3B-5E-AD-27-71-E7-5A-E5-51-B5">
      <ModulePath>C:\Program Files\Microsoft Visual Studio\2022\Professional\Common7\IDE\Extensions\TestPlatform\Microsoft.VisualStudio.QualityTools.UnitTestFramework.dll</ModulePath>
      <ModuleTime>2022-08-04T08:21:17.3566831Z</ModuleTime>
      <ModuleName>Microsoft.VisualStudio.QualityTools.UnitTestFramework</ModuleName>
      <Classes />
    </Module>
    <Module skippedDueTo="MissingPdb" hash="67-09-44-17-81-42-EC-DB-6C-68-91-F5-CE-B5-F0-4E-2E-02-23-F5">
      <ModulePath>C:\Program Files\Microsoft Visual Studio\2022\Professional\Common7\IDE\Extensions\TestPlatform\Extensions\Microsoft.VisualStudio.TestPlatform.Extensions.WebTestAdapter.dll</ModulePath>
      <ModuleTime>2022-08-04T08:21:16.4939579Z</ModuleTime>
      <ModuleName>Microsoft.VisualStudio.TestPlatform.Extensions.WebTestAdapter</ModuleName>
      <Classes />
    </Module>
    <Module skippedDueTo="MissingPdb" hash="D2-29-29-87-31-80-F0-55-C0-54-95-65-F8-E1-99-1F-2A-56-F5-A9">
      <ModulePath>C:\Program Files\Microsoft Visual Studio\2022\Professional\Common7\IDE\Extensions\TestPlatform\Extensions\Microsoft.VisualStudio.TestTools.CppUnitTestFramework.ComInterfaces.dll</ModulePath>
      <ModuleTime>2022-08-04T08:21:16.4969494Z</ModuleTime>
      <ModuleName>Microsoft.VisualStudio.TestTools.CppUnitTestFramework.ComInterfaces</ModuleName>
      <Classes />
    </Module>
    <Module skippedDueTo="MissingPdb" hash="C0-C0-F0-C2-42-E6-AB-EA-B3-F3-6A-9C-1F-A7-E0-23-72-57-48-DD">
      <ModulePath>C:\Program Files\Microsoft Visual Studio\2022\Professional\Common7\IDE\Extensions\TestPlatform\Extensions\Microsoft.VisualStudio.TestTools.CppUnitTestFramework.CppUnitTestExtension.dll</ModulePath>
      <ModuleTime>2022-08-04T08:21:16.5009396Z</ModuleTime>
      <ModuleName>Microsoft.VisualStudio.TestTools.CppUnitTestFramework.CppUnitTestExtension</ModuleName>
      <Classes />
    </Module>
    <Module skippedDueTo="Filter" hash="82-CE-81-B8-FA-70-A5-2F-F1-7F-8A-C0-F9-EC-EC-07-51-83-51-84">
      <ModulePath>C:\WINDOWS\Microsoft.Net\assembly\GAC_MSIL\System.ComponentModel.Composition\v4.0_4.0.0.0__b77a5c561934e089\System.ComponentModel.Composition.dll</ModulePath>
      <ModuleTime>2024-04-01T07:22:28.3567315Z</ModuleTime>
      <ModuleName>System.ComponentModel.Composition</ModuleName>
      <Classes />
    </Module>
    <Module skippedDueTo="MissingPdb" hash="19-6D-20-63-7B-AD-D3-80-34-BE-42-5A-36-29-EF-F2-A8-3C-66-E4">
      <ModulePath>C:\Program Files\Microsoft Visual Studio\2022\Professional\Common7\IDE\Extensions\TestPlatform\Extensions\Microsoft.VisualStudio.TestTools.DataCollection.MediaRecorder.Model.dll</ModulePath>
      <ModuleTime>2022-08-04T08:21:16.5039307Z</ModuleTime>
      <ModuleName>Microsoft.VisualStudio.TestTools.DataCollection.MediaRecorder.Model</ModuleName>
      <Classes />
    </Module>
    <Module skippedDueTo="MissingPdb" hash="3D-FC-6A-CB-6D-29-3C-6B-43-81-78-7B-1E-B5-88-81-73-E4-4C-FF">
      <ModulePath>C:\Program Files\Microsoft Visual Studio\2022\Professional\Common7\IDE\Extensions\TestPlatform\Extensions\Microsoft.VisualStudio.TestTools.DataCollection.VideoRecorderCollector.dll</ModulePath>
      <ModuleTime>2022-08-04T08:21:16.5079201Z</ModuleTime>
      <ModuleName>Microsoft.VisualStudio.TestTools.DataCollection.VideoRecorderCollector</ModuleName>
      <Classes />
    </Module>
    <Module skippedDueTo="MissingPdb" hash="19-05-FE-C5-98-B4-8E-16-19-82-E9-8F-41-E8-4E-ED-17-04-09-48">
      <ModulePath>C:\Program Files\Microsoft Visual Studio\2022\Professional\Common7\IDE\Extensions\TestPlatform\Extensions\Microsoft.VisualStudio.TraceDataCollector.dll</ModulePath>
      <ModuleTime>2022-08-04T08:21:16.5149018Z</ModuleTime>
      <ModuleName>Microsoft.VisualStudio.TraceDataCollector</ModuleName>
      <Classes />
    </Module>
    <Module skippedDueTo="MissingPdb" hash="4A-91-07-4F-A2-97-87-9E-CD-8F-23-CD-64-15-B7-8C-19-90-AB-EE">
      <ModulePath>C:\Program Files\Microsoft Visual Studio\2022\Professional\Common7\IDE\Extensions\TestPlatform\Extensions\Mono.Cecil.dll</ModulePath>
      <ModuleTime>2022-08-04T08:21:16.5268694Z</ModuleTime>
      <ModuleName>Mono.Cecil</ModuleName>
      <Classes />
    </Module>
    <Module skippedDueTo="MissingPdb" hash="3F-E4-3B-A7-73-9C-0B-AB-FF-6B-00-CE-D3-CC-83-E3-80-A9-1D-BB">
      <ModulePath>C:\Program Files\Microsoft Visual Studio\2022\Professional\Common7\IDE\Extensions\TestPlatform\Extensions\Mono.Cecil.Pdb.dll</ModulePath>
      <ModuleTime>2022-08-04T08:21:16.5318564Z</ModuleTime>
      <ModuleName>Mono.Cecil.Pdb</ModuleName>
      <Classes />
    </Module>
    <Module skippedDueTo="MissingPdb" hash="91-6D-F5-EC-F9-4D-69-F3-B7-D3-50-B6-BB-19-8B-C8-9A-0F-86-C9">
      <ModulePath>D:\Trainingcontents\Newfolder\WebApplication1.Tests\bin\Debug\Microsoft.VisualStudio.TestPlatform.MSTest.TestAdapter.dll</ModulePath>
      <ModuleTime>2024-07-22T15:03:25.0679316Z</ModuleTime>
      <ModuleName>Microsoft.VisualStudio.TestPlatform.MSTest.TestAdapter</ModuleName>
      <Classes />
    </Module>
    <Module skippedDueTo="Filter" hash="98-A8-C6-0C-0B-3D-BE-02-14-17-CD-53-B9-58-5C-76-AF-1D-01-97">
      <ModulePath>C:\WINDOWS\Microsoft.Net\assembly\GAC_MSIL\System.Resources.ResourceManager\v4.0_4.0.0.0__b03f5f7f11d50a3a\System.Resources.ResourceManager.dll</ModulePath>
      <ModuleTime>2024-04-01T07:22:28.5754898Z</ModuleTime>
      <ModuleName>System.Resources.ResourceManager</ModuleName>
      <Classes />
    </Module>
    <Module skippedDueTo="MissingPdb" hash="EB-0A-5B-0C-79-88-5F-D3-05-59-09-82-4A-6D-A1-56-4A-A6-DD-6F">
      <ModulePath>D:\Trainingcontents\Newfolder\WebApplication1.Tests\bin\Debug\Microsoft.VisualStudio.TestPlatform.MSTestAdapter.PlatformServices.Interface.dll</ModulePath>
      <ModuleTime>2024-07-22T15:03:25.0739181Z</ModuleTime>
      <ModuleName>Microsoft.VisualStudio.TestPlatform.MSTestAdapter.PlatformServices.Interface</ModuleName>
      <Classes />
    </Module>
    <Module skippedDueTo="MissingPdb" hash="28-16-75-DD-27-1F-F4-BC-20-5B-AF-5E-1D-F5-54-54-98-D3-D0-65">
      <ModulePath>D:\Trainingcontents\Newfolder\WebApplication1.Tests\bin\Debug\Microsoft.VisualStudio.TestPlatform.MSTestAdapter.PlatformServices.dll</ModulePath>
      <ModuleTime>2024-07-22T15:03:25.0769107Z</ModuleTime>
      <ModuleName>Microsoft.VisualStudio.TestPlatform.MSTestAdapter.PlatformServices</ModuleName>
      <Classes />
    </Module>
    <Module skippedDueTo="MissingPdb" hash="68-FC-3A-DD-8C-59-13-B6-C3-B5-F8-17-4A-D6-21-6C-4E-C7-AB-91">
      <ModulePath>D:\Trainingcontents\Newfolder\WebApplication1.Tests\bin\Debug\Microsoft.VisualStudio.TestPlatform.TestFramework.dll</ModulePath>
      <ModuleTime>2024-07-22T15:03:25.2374367Z</ModuleTime>
      <ModuleName>Microsoft.VisualStudio.TestPlatform.TestFramework</ModuleName>
      <Classes />
    </Module>
    <Module skippedDueTo="Filter" hash="03-5B-80-FF-39-FA-4C-0B-8B-2A-B9-85-A5-7D-E9-25-58-E1-D4-B4">
      <ModulePath>C:\WINDOWS\Microsoft.Net\assembly\GAC_MSIL\System.Collections\v4.0_4.0.0.0__b03f5f7f11d50a3a\System.Collections.dll</ModulePath>
      <ModuleTime>2024-04-01T07:22:28.8411157Z</ModuleTime>
      <ModuleName>System.Collections</ModuleName>
      <Classes />
    </Module>
    <Module skippedDueTo="MissingPdb" hash="B8-06-35-1F-5C-DD-25-2E-69-D6-CB-B6-D4-99-D8-AC-4A-C8-7B-D3">
      <ModulePath>C:\Program Files\Microsoft Visual Studio\2022\Professional\Common7\IDE\Extensions\TestPlatform\NuGet.Frameworks.dll</ModulePath>
      <ModuleTime>2022-08-04T08:21:17.5142313Z</ModuleTime>
      <ModuleName>NuGet.Frameworks</ModuleName>
      <Classes />
    </Module>
    <Module skippedDueTo="MissingPdb" hash="55-76-D1-BE-50-A7-C9-4E-FE-95-B2-39-6D-B7-2F-07-92-0B-8E-00">
      <ModulePath>C:\Program Files\Microsoft Visual Studio\2022\Professional\Common7\IDE\Extensions\TestPlatform\Microsoft.VisualStudio.QualityTools.ExecutionCommon.dll</ModulePath>
      <ModuleTime>2022-08-04T08:21:17.2459761Z</ModuleTime>
      <ModuleName>Microsoft.VisualStudio.QualityTools.ExecutionCommon</ModuleName>
      <Classes />
    </Module>
    <Module skippedDueTo="MissingPdb" hash="66-F3-7E-A5-E2-84-C3-AB-F8-8A-76-6D-82-E2-20-F9-AB-33-D0-CF">
      <ModulePath>C:\Program Files\Microsoft Visual Studio\2022\Professional\Common7\IDE\Extensions\TestPlatform\Microsoft.VisualStudio.QualityTools.Resource.dll</ModulePath>
      <ModuleTime>2022-08-04T08:21:17.3117997Z</ModuleTime>
      <ModuleName>Microsoft.VisualStudio.QualityTools.Resource</ModuleName>
      <Classes />
    </Module>
    <Module skippedDueTo="MissingPdb" hash="BF-4E-05-C3-E3-01-45-52-00-E3-75-17-AF-2A-34-06-52-F5-89-58">
      <ModulePath>C:\Program Files\Microsoft Visual Studio\2022\Professional\Common7\IDE\Extensions\TestPlatform\Microsoft.VisualStudio.QualityTools.WebTestFramework.dll</ModulePath>
      <ModuleTime>2022-08-04T08:21:17.3736346Z</ModuleTime>
      <ModuleName>Microsoft.VisualStudio.QualityTools.WebTestFramework</ModuleName>
      <Classes />
    </Module>
    <Module skippedDueTo="MissingPdb" hash="79-5F-8C-59-58-E2-2E-61-BD-7A-63-02-E1-A9-E0-80-32-3B-0B-8D">
      <ModulePath>C:\Program Files\Microsoft Visual Studio\2022\Professional\Common7\IDE\Extensions\TestPlatform\Microsoft.VisualStudio.TestPlatform.ObjectModel.dll</ModulePath>
      <ModuleTime>2022-08-04T08:21:17.391587Z</ModuleTime>
      <ModuleName>Microsoft.VisualStudio.TestPlatform.ObjectModel</ModuleName>
      <Classes />
    </Module>
    <Module hash="24-1F-F7-4C-89-AF-8C-5D-41-88-62-46-24-7E-DD-34-EA-23-2F-85">
      <Summary numSequencePoints="15" visitedSequencePoints="15" numBranchPoints="7" visitedBranchPoints="5" sequenceCoverage="100" branchCoverage="71.43" maxCyclomaticComplexity="3" minCyclomaticComplexity="0" maxCrapScore="3" minCrapScore="0" visitedClasses="1" numClasses="1" visitedMethods="3" numMethods="3" />
      <ModulePath>D:\Trainingcontents\Newfolder\WebApplication1.Tests\bin\Debug\WebApplication1.Tests.dll</ModulePath>
      <ModuleTime>2026-06-08T08:55:18.4554922Z</ModuleTime>
      <ModuleName>WebApplication1.Tests</ModuleName>
      <Files>
        <File uid="1" fullPath="D:\Trainingcontents\Newfolder\WebApplication1.Tests\Controllers\HomeControllerTest.cs" />
      </Files>
      <Classes>
        <Class>
          <Summary numSequencePoints="0" visitedSequencePoints="0" numBranchPoints="0" visitedBranchPoints="0" sequenceCoverage="0" branchCoverage="0" maxCyclomaticComplexity="0" minCyclomaticComplexity="0" maxCrapScore="0" minCrapScore="0" visitedClasses="0" numClasses="0" visitedMethods="0" numMethods="0" />
          <FullName>&lt;Module&gt;</FullName>
          <Methods />
        </Class>
        <Class>
          <Summary numSequencePoints="15" visitedSequencePoints="15" numBranchPoints="7" visitedBranchPoints="5" sequenceCoverage="100" branchCoverage="71.43" maxCyclomaticComplexity="3" minCyclomaticComplexity="1" maxCrapScore="3" minCrapScore="1" visitedClasses="1" numClasses="1" visitedMethods="3" numMethods="3" />
          <FullName>WebApplication1.Tests.Controllers.HomeControllerTest</FullName>
          <Methods>
            <Method visited="true" cyclomaticComplexity="1" nPathComplexity="0" sequenceCoverage="100" branchCoverage="100" crapScore="1" isConstructor="false" isStatic="false" isGetter="false" isSetter="false">
              <Summary numSequencePoints="5" visitedSequencePoints="5" numBranchPoints="1" visitedBranchPoints="1" sequenceCoverage="100" branchCoverage="100" maxCyclomaticComplexity="1" minCyclomaticComplexity="1" maxCrapScore="1" minCrapScore="1" visitedClasses="0" numClasses="0" visitedMethods="1" numMethods="1" />
              <MetadataToken>100663297</MetadataToken>
              <Name>System.Void WebApplication1.Tests.Controllers.HomeControllerTest::Index()</Name>
              <FileRef uid="1" />
              <SequencePoints>
                <SequencePoint vc="1" uspid="1" ordinal="0" offset="0" sl="17" sc="9" el="17" ec="10" bec="0" bev="0" fileid="1" />
                <SequencePoint vc="1" uspid="2" ordinal="1" offset="1" sl="19" sc="13" el="19" ec="62" bec="0" bev="0" fileid="1" />
                <SequencePoint vc="1" uspid="3" ordinal="2" offset="7" sl="22" sc="13" el="22" ec="66" bec="0" bev="0" fileid="1" />
                <SequencePoint vc="1" uspid="4" ordinal="3" offset="19" sl="25" sc="13" el="25" ec="38" bec="0" bev="0" fileid="1" />
                <SequencePoint vc="1" uspid="5" ordinal="4" offset="26" sl="26" sc="9" el="26" ec="10" bec="0" bev="0" fileid="1" />
              </SequencePoints>
              <BranchPoints />
              <MethodPoint xsi:type="SequencePoint" vc="1" uspid="1" ordinal="0" offset="0" sl="17" sc="9" el="17" ec="10" bec="0" bev="0" fileid="1" />
            </Method>
            <Method visited="true" cyclomaticComplexity="3" nPathComplexity="4" sequenceCoverage="100" branchCoverage="60" crapScore="3" isConstructor="false" isStatic="false" isGetter="false" isSetter="false">
              <Summary numSequencePoints="5" visitedSequencePoints="5" numBranchPoints="5" visitedBranchPoints="3" sequenceCoverage="100" branchCoverage="60" maxCyclomaticComplexity="3" minCyclomaticComplexity="3" maxCrapScore="3" minCrapScore="3" visitedClasses="0" numClasses="0" visitedMethods="1" numMethods="1" />
              <MetadataToken>100663298</MetadataToken>
              <Name>System.Void WebApplication1.Tests.Controllers.HomeControllerTest::About()</Name>
              <FileRef uid="1" />
              <SequencePoints>
                <SequencePoint vc="1" uspid="6" ordinal="0" offset="0" sl="30" sc="9" el="30" ec="10" bec="0" bev="0" fileid="1" />
                <SequencePoint vc="1" uspid="7" ordinal="1" offset="1" sl="32" sc="13" el="32" ec="62" bec="0" bev="0" fileid="1" />
                <SequencePoint vc="1" uspid="8" ordinal="2" offset="7" sl="35" sc="13" el="35" ec="66" bec="0" bev="0" fileid="1" />
                <SequencePoint vc="1" uspid="9" ordinal="3" offset="19" sl="38" sc="13" el="38" ec="91" bec="4" bev="2" fileid="1" />
                <SequencePoint vc="1" uspid="10" ordinal="4" offset="219" sl="39" sc="9" el="39" ec="10" bec="0" bev="0" fileid="1" />
              </SequencePoints>
              <BranchPoints>
                <BranchPoint vc="0" uspid="11" ordinal="0" offset="24" sl="38" path="0" offsetchain="26" offsetend="101" fileid="1" />
                <BranchPoint vc="1" uspid="12" ordinal="1" offset="24" sl="38" path="1" offsetend="28" fileid="1" />
                <BranchPoint vc="0" uspid="13" ordinal="2" offset="136" sl="38" path="0" offsetchain="138" offsetend="187" fileid="1" />
                <BranchPoint vc="1" uspid="14" ordinal="3" offset="136" sl="38" path="1" offsetend="140" fileid="1" />
              </BranchPoints>
              <MethodPoint xsi:type="SequencePoint" vc="1" uspid="6" ordinal="0" offset="0" sl="30" sc="9" el="30" ec="10" bec="0" bev="0" fileid="1" />
            </Method>
            <Method visited="true" cyclomaticComplexity="1" nPathComplexity="0" sequenceCoverage="100" branchCoverage="100" crapScore="1" isConstructor="false" isStatic="false" isGetter="false" isSetter="false">
              <Summary numSequencePoints="5" visitedSequencePoints="5" numBranchPoints="1" visitedBranchPoints="1" sequenceCoverage="100" branchCoverage="100" maxCyclomaticComplexity="1" minCyclomaticComplexity="1" maxCrapScore="1" minCrapScore="1" visitedClasses="0" numClasses="0" visitedMethods="1" numMethods="1" />
              <MetadataToken>100663299</MetadataToken>
              <Name>System.Void WebApplication1.Tests.Controllers.HomeControllerTest::Contact()</Name>
              <FileRef uid="1" />
              <SequencePoints>
                <SequencePoint vc="1" uspid="15" ordinal="0" offset="0" sl="43" sc="9" el="43" ec="10" bec="0" bev="0" fileid="1" />
                <SequencePoint vc="1" uspid="16" ordinal="1" offset="1" sl="45" sc="13" el="45" ec="62" bec="0" bev="0" fileid="1" />
                <SequencePoint vc="1" uspid="17" ordinal="2" offset="7" sl="48" sc="13" el="48" ec="68" bec="0" bev="0" fileid="1" />
                <SequencePoint vc="1" uspid="18" ordinal="3" offset="19" sl="51" sc="13" el="51" ec="38" bec="0" bev="0" fileid="1" />
                <SequencePoint vc="1" uspid="19" ordinal="4" offset="26" sl="52" sc="9" el="52" ec="10" bec="0" bev="0" fileid="1" />
              </SequencePoints>
              <BranchPoints />
              <MethodPoint xsi:type="SequencePoint" vc="1" uspid="15" ordinal="0" offset="0" sl="43" sc="9" el="43" ec="10" bec="0" bev="0" fileid="1" />
            </Method>
            <Method visited="false" cyclomaticComplexity="1" nPathComplexity="0" sequenceCoverage="0" branchCoverage="0" crapScore="2" isConstructor="true" isStatic="false" isGetter="false" isSetter="false">
              <Summary numSequencePoints="0" visitedSequencePoints="0" numBranchPoints="0" visitedBranchPoints="0" sequenceCoverage="0" branchCoverage="0" maxCyclomaticComplexity="1" minCyclomaticComplexity="1" maxCrapScore="2" minCrapScore="2" visitedClasses="0" numClasses="0" visitedMethods="0" numMethods="0" />
              <MetadataToken>100663300</MetadataToken>
              <Name>System.Void WebApplication1.Tests.Controllers.HomeControllerTest::.ctor()</Name>
              <SequencePoints />
              <BranchPoints />
              <MethodPoint vc="0" uspid="20" ordinal="0" offset="0" />
            </Method>
          </Methods>
        </Class>
        <Class>
          <Summary numSequencePoints="0" visitedSequencePoints="0" numBranchPoints="0" visitedBranchPoints="0" sequenceCoverage="0" branchCoverage="0" maxCyclomaticComplexity="0" minCyclomaticComplexity="0" maxCrapScore="0" minCrapScore="0" visitedClasses="0" numClasses="0" visitedMethods="0" numMethods="0" />
          <FullName>WebApplication1.Tests.Controllers.HomeControllerTest/&lt;&gt;o__1</FullName>
          <Methods />
        </Class>
      </Classes>
    </Module>
    <Module skippedDueTo="MissingPdb" hash="79-5F-8C-59-58-E2-2E-61-BD-7A-63-02-E1-A9-E0-80-32-3B-0B-8D">
      <ModulePath>C:\Program Files\Microsoft Visual Studio\2022\Professional\Common7\IDE\Extensions\TestPlatform\Microsoft.VisualStudio.TestPlatform.ObjectModel.dll</ModulePath>
      <ModuleTime>2022-08-04T08:21:17.391587Z</ModuleTime>
      <ModuleName>Microsoft.VisualStudio.TestPlatform.ObjectModel</ModuleName>
      <Classes />
    </Module>
    <Module skippedDueTo="Filter" hash="3A-CF-7F-94-B9-9B-DA-10-01-57-A8-00-44-23-66-F2-BC-19-E1-0B">
      <ModulePath>C:\WINDOWS\Microsoft.Net\assembly\GAC_MSIL\System.Linq\v4.0_4.0.0.0__b03f5f7f11d50a3a\System.Linq.dll</ModulePath>
      <ModuleTime>2024-04-01T07:22:28.3411127Z</ModuleTime>
      <ModuleName>System.Linq</ModuleName>
      <Classes />
    </Module>
    <Module skippedDueTo="Filter" hash="02-61-C2-E9-7C-BB-0B-1C-67-05-98-EE-17-92-94-2D-B7-B4-61-E4">
      <ModulePath>C:\WINDOWS\Microsoft.Net\assembly\GAC_MSIL\System.Xml.ReaderWriter\v4.0_4.0.0.0__b03f5f7f11d50a3a\System.Xml.ReaderWriter.dll</ModulePath>
      <ModuleTime>2024-04-01T07:22:28.0286234Z</ModuleTime>
      <ModuleName>System.Xml.ReaderWriter</ModuleName>
      <Classes />
    </Module>
    <Module skippedDueTo="Filter" hash="CA-CD-0A-96-17-65-6D-82-10-A6-4F-28-E8-D9-E7-DF-B0-DC-17-C8">
      <ModulePath>C:\WINDOWS\Microsoft.Net\assembly\GAC_MSIL\System.Globalization\v4.0_4.0.0.0__b03f5f7f11d50a3a\System.Globalization.dll</ModulePath>
      <ModuleTime>2024-04-01T07:22:28.3567315Z</ModuleTime>
      <ModuleName>System.Globalization</ModuleName>
      <Classes />
    </Module>
    <Module skippedDueTo="MissingPdb" hash="79-5F-8C-59-58-E2-2E-61-BD-7A-63-02-E1-A9-E0-80-32-3B-0B-8D">
      <ModulePath>C:\Program Files\Microsoft Visual Studio\2022\Professional\Common7\IDE\Extensions\TestPlatform\Microsoft.VisualStudio.TestPlatform.ObjectModel.dll</ModulePath>
      <ModuleTime>2022-08-04T08:21:17.391587Z</ModuleTime>
      <ModuleName>Microsoft.VisualStudio.TestPlatform.ObjectModel</ModuleName>
      <Classes />
    </Module>
    <Module skippedDueTo="MissingPdb" hash="34-55-8B-D2-C1-36-E3-50-6F-2E-14-B8-D4-E5-F4-4A-80-6F-BA-17">
      <ModulePath>C:\Program Files\Microsoft Visual Studio\2022\Professional\Common7\IDE\Extensions\TestPlatform\Microsoft.TestPlatform.PlatformAbstractions.dll</ModulePath>
      <ModuleTime>2022-08-04T08:21:17.0614429Z</ModuleTime>
      <ModuleName>Microsoft.TestPlatform.PlatformAbstractions</ModuleName>
      <Classes />
    </Module>
    <Module skippedDueTo="MissingPdb" hash="28-16-75-DD-27-1F-F4-BC-20-5B-AF-5E-1D-F5-54-54-98-D3-D0-65">
      <ModulePath>D:\Trainingcontents\Newfolder\WebApplication1.Tests\bin\Debug\Microsoft.VisualStudio.TestPlatform.MSTestAdapter.PlatformServices.dll</ModulePath>
      <ModuleTime>2024-07-22T15:03:25.0769107Z</ModuleTime>
      <ModuleName>Microsoft.VisualStudio.TestPlatform.MSTestAdapter.PlatformServices</ModuleName>
      <Classes />
    </Module>
    <Module skippedDueTo="Filter" hash="58-58-F6-CE-A8-CB-C5-C1-A7-E7-30-E4-95-52-4F-46-5E-CF-B0-CA">
      <ModulePath>C:\WINDOWS\Microsoft.Net\assembly\GAC_MSIL\System\v4.0_4.0.0.0__b77a5c561934e089\System.dll</ModulePath>
      <ModuleTime>2026-03-03T02:23:59.4895421Z</ModuleTime>
      <ModuleName>System</ModuleName>
      <Classes />
    </Module>
    <Module skippedDueTo="MissingPdb" hash="79-5F-8C-59-58-E2-2E-61-BD-7A-63-02-E1-A9-E0-80-32-3B-0B-8D">
      <ModulePath>C:\Program Files\Microsoft Visual Studio\2022\Professional\Common7\IDE\Extensions\TestPlatform\Microsoft.VisualStudio.TestPlatform.ObjectModel.dll</ModulePath>
      <ModuleTime>2022-08-04T08:21:17.391587Z</ModuleTime>
      <ModuleName>Microsoft.VisualStudio.TestPlatform.ObjectModel</ModuleName>
      <Classes />
    </Module>
    <Module skippedDueTo="MissingPdb" hash="87-72-94-0E-03-D5-53-0E-E6-C3-DC-CA-02-54-D9-91-09-85-42-63">
      <ModulePath>C:\Program Files\Microsoft Visual Studio\2022\Professional\Common7\IDE\Extensions\TestPlatform\Microsoft.TestPlatform.CoreUtilities.dll</ModulePath>
      <ModuleTime>2022-08-04T08:21:17.048477Z</ModuleTime>
      <ModuleName>Microsoft.TestPlatform.CoreUtilities</ModuleName>
      <Classes />
    </Module>
    <Module skippedDueTo="MissingPdb" hash="34-55-8B-D2-C1-36-E3-50-6F-2E-14-B8-D4-E5-F4-4A-80-6F-BA-17">
      <ModulePath>C:\Program Files\Microsoft Visual Studio\2022\Professional\Common7\IDE\Extensions\TestPlatform\Microsoft.TestPlatform.PlatformAbstractions.dll</ModulePath>
      <ModuleTime>2022-08-04T08:21:17.0614429Z</ModuleTime>
      <ModuleName>Microsoft.TestPlatform.PlatformAbstractions</ModuleName>
      <Classes />
    </Module>
    <Module skippedDueTo="MissingPdb" hash="28-16-75-DD-27-1F-F4-BC-20-5B-AF-5E-1D-F5-54-54-98-D3-D0-65">
      <ModulePath>D:\Trainingcontents\Newfolder\WebApplication1.Tests\bin\Debug\Microsoft.VisualStudio.TestPlatform.MSTestAdapter.PlatformServices.dll</ModulePath>
      <ModuleTime>2024-07-22T15:03:25.0769107Z</ModuleTime>
      <ModuleName>Microsoft.VisualStudio.TestPlatform.MSTestAdapter.PlatformServices</ModuleName>
      <Classes />
    </Module>
    <Module skippedDueTo="Filter" hash="58-58-F6-CE-A8-CB-C5-C1-A7-E7-30-E4-95-52-4F-46-5E-CF-B0-CA">
      <ModulePath>C:\WINDOWS\Microsoft.Net\assembly\GAC_MSIL\System\v4.0_4.0.0.0__b77a5c561934e089\System.dll</ModulePath>
      <ModuleTime>2026-03-03T02:23:59.4895421Z</ModuleTime>
      <ModuleName>System</ModuleName>
      <Classes />
    </Module>
    <Module skippedDueTo="MissingPdb" hash="91-6D-F5-EC-F9-4D-69-F3-B7-D3-50-B6-BB-19-8B-C8-9A-0F-86-C9">
      <ModulePath>D:\Trainingcontents\Newfolder\WebApplication1.Tests\bin\Debug\Microsoft.VisualStudio.TestPlatform.MSTest.TestAdapter.dll</ModulePath>
      <ModuleTime>2024-07-22T15:03:25.0679316Z</ModuleTime>
      <ModuleName>Microsoft.VisualStudio.TestPlatform.MSTest.TestAdapter</ModuleName>
      <Classes />
    </Module>
    <Module skippedDueTo="Filter" hash="0F-55-88-6F-96-AE-04-6F-7B-86-44-1A-0F-AC-4D-AE-48-02-18-4A">
      <ModulePath>C:\WINDOWS\Microsoft.Net\assembly\GAC_MSIL\System.Runtime\v4.0_4.0.0.0__b03f5f7f11d50a3a\System.Runtime.dll</ModulePath>
      <ModuleTime>2024-04-01T07:22:27.9817393Z</ModuleTime>
      <ModuleName>System.Runtime</ModuleName>
      <Classes />
    </Module>
    <Module skippedDueTo="Filter" hash="03-5B-80-FF-39-FA-4C-0B-8B-2A-B9-85-A5-7D-E9-25-58-E1-D4-B4">
      <ModulePath>C:\WINDOWS\Microsoft.Net\assembly\GAC_MSIL\System.Collections\v4.0_4.0.0.0__b03f5f7f11d50a3a\System.Collections.dll</ModulePath>
      <ModuleTime>2024-04-01T07:22:28.8411157Z</ModuleTime>
      <ModuleName>System.Collections</ModuleName>
      <Classes />
    </Module>
    <Module skippedDueTo="MissingPdb" hash="EB-0A-5B-0C-79-88-5F-D3-05-59-09-82-4A-6D-A1-56-4A-A6-DD-6F">
      <ModulePath>D:\Trainingcontents\Newfolder\WebApplication1.Tests\bin\Debug\Microsoft.VisualStudio.TestPlatform.MSTestAdapter.PlatformServices.Interface.dll</ModulePath>
      <ModuleTime>2024-07-22T15:03:25.0739181Z</ModuleTime>
      <ModuleName>Microsoft.VisualStudio.TestPlatform.MSTestAdapter.PlatformServices.Interface</ModuleName>
      <Classes />
    </Module>
    <Module skippedDueTo="Filter" hash="F3-22-CA-B2-89-EA-80-64-5C-5B-45-49-39-8B-64-5E-67-BB-38-4B">
      <ModulePath>C:\WINDOWS\Microsoft.Net\assembly\GAC_MSIL\System.Reflection\v4.0_4.0.0.0__b03f5f7f11d50a3a\System.Reflection.dll</ModulePath>
      <ModuleTime>2024-04-01T07:22:28.3098557Z</ModuleTime>
      <ModuleName>System.Reflection</ModuleName>
      <Classes />
    </Module>
    <Module skippedDueTo="Filter" hash="CA-CD-0A-96-17-65-6D-82-10-A6-4F-28-E8-D9-E7-DF-B0-DC-17-C8">
      <ModulePath>C:\WINDOWS\Microsoft.Net\assembly\GAC_MSIL\System.Globalization\v4.0_4.0.0.0__b03f5f7f11d50a3a\System.Globalization.dll</ModulePath>
      <ModuleTime>2024-04-01T07:22:28.3567315Z</ModuleTime>
      <ModuleName>System.Globalization</ModuleName>
      <Classes />
    </Module>
    <Module skippedDueTo="Filter" hash="3A-CF-7F-94-B9-9B-DA-10-01-57-A8-00-44-23-66-F2-BC-19-E1-0B">
      <ModulePath>C:\WINDOWS\Microsoft.Net\assembly\GAC_MSIL\System.Linq\v4.0_4.0.0.0__b03f5f7f11d50a3a\System.Linq.dll</ModulePath>
      <ModuleTime>2024-04-01T07:22:28.3411127Z</ModuleTime>
      <ModuleName>System.Linq</ModuleName>
      <Classes />
    </Module>
    <Module skippedDueTo="Filter" hash="70-13-34-77-09-39-09-07-9C-70-E8-72-27-63-61-56-29-2E-04-3E">
      <ModulePath>C:\WINDOWS\Microsoft.Net\assembly\GAC_MSIL\System.Core\v4.0_4.0.0.0__b77a5c561934e089\System.Core.dll</ModulePath>
      <ModuleTime>2025-12-29T20:51:31.6361969Z</ModuleTime>
      <ModuleName>System.Core</ModuleName>
      <Classes />
    </Module>
    <Module skippedDueTo="MissingPdb" hash="68-FC-3A-DD-8C-59-13-B6-C3-B5-F8-17-4A-D6-21-6C-4E-C7-AB-91">
      <ModulePath>D:\Trainingcontents\Newfolder\WebApplication1.Tests\bin\Debug\Microsoft.VisualStudio.TestPlatform.TestFramework.dll</ModulePath>
      <ModuleTime>2024-07-22T15:03:25.2374367Z</ModuleTime>
      <ModuleName>Microsoft.VisualStudio.TestPlatform.TestFramework</ModuleName>
      <Classes />
    </Module>
    <Module skippedDueTo="Filter" hash="BB-EB-48-63-BE-79-C7-BC-18-E6-F9-B3-43-66-FB-1D-95-A0-01-19">
      <ModulePath>C:\WINDOWS\Microsoft.Net\assembly\GAC_MSIL\System.Threading\v4.0_4.0.0.0__b03f5f7f11d50a3a\System.Threading.dll</ModulePath>
      <ModuleTime>2024-04-01T07:22:28.0599665Z</ModuleTime>
      <ModuleName>System.Threading</ModuleName>
      <Classes />
    </Module>
    <Module skippedDueTo="Filter" hash="DE-75-19-62-B1-59-C8-83-DD-10-ED-25-7F-CB-2D-94-0E-F3-4F-1B">
      <ModulePath>C:\WINDOWS\Microsoft.Net\assembly\GAC_MSIL\System.Reflection.Extensions\v4.0_4.0.0.0__b03f5f7f11d50a3a\System.Reflection.Extensions.dll</ModulePath>
      <ModuleTime>2024-04-01T07:22:28.606731Z</ModuleTime>
      <ModuleName>System.Reflection.Extensions</ModuleName>
      <Classes />
    </Module>
    <Module skippedDueTo="Filter" hash="BD-AA-98-D1-2F-9E-16-9B-76-C0-18-3F-75-1F-ED-F8-82-EE-6F-F8">
      <ModulePath>C:\WINDOWS\Microsoft.Net\assembly\GAC_MSIL\System.Threading.Tasks\v4.0_4.0.0.0__b03f5f7f11d50a3a\System.Threading.Tasks.dll</ModulePath>
      <ModuleTime>2024-04-01T07:22:28.0442316Z</ModuleTime>
      <ModuleName>System.Threading.Tasks</ModuleName>
      <Classes />
    </Module>
    <Module skippedDueTo="MissingPdb" hash="79-5F-8C-59-58-E2-2E-61-BD-7A-63-02-E1-A9-E0-80-32-3B-0B-8D">
      <ModulePath>C:\Program Files\Microsoft Visual Studio\2022\Professional\Common7\IDE\Extensions\TestPlatform\Microsoft.VisualStudio.TestPlatform.ObjectModel.dll</ModulePath>
      <ModuleTime>2022-08-04T08:21:17.391587Z</ModuleTime>
      <ModuleName>Microsoft.VisualStudio.TestPlatform.ObjectModel</ModuleName>
      <Classes />
    </Module>
    <Module skippedDueTo="Filter" hash="2E-B4-73-F0-82-8F-5E-18-13-F8-FA-B8-61-C5-4E-20-F7-04-B6-F3">
      <ModulePath>C:\WINDOWS\Microsoft.Net\assembly\GAC_MSIL\System.Runtime.Extensions\v4.0_4.0.0.0__b03f5f7f11d50a3a\System.Runtime.Extensions.dll</ModulePath>
      <ModuleTime>2024-04-01T07:22:28.4973692Z</ModuleTime>
      <ModuleName>System.Runtime.Extensions</ModuleName>
      <Classes />
    </Module>
    <Module skippedDueTo="MissingPdb" hash="06-0A-7C-D9-3B-C7-63-03-44-FD-37-0D-68-78-E4-EE-24-C6-E2-B9">
      <ModulePath>D:\Trainingcontents\Newfolder\WebApplication1.Tests\bin\Debug\Microsoft.VisualStudio.TestPlatform.TestFramework.Extensions.dll</ModulePath>
      <ModuleTime>2024-07-22T15:03:25.2314529Z</ModuleTime>
      <ModuleName>Microsoft.VisualStudio.TestPlatform.TestFramework.Extensions</ModuleName>
      <Classes />
    </Module>
    <Module skippedDueTo="Filter" hash="D0-35-BB-50-54-A9-51-69-07-9F-3B-59-3A-26-85-1A-27-7A-CB-77">
      <ModulePath>C:\WINDOWS\Microsoft.Net\assembly\GAC_MSIL\System.Runtime.Serialization\v4.0_4.0.0.0__b77a5c561934e089\System.Runtime.Serialization.dll</ModulePath>
      <ModuleTime>2026-03-03T01:32:39.4527632Z</ModuleTime>
      <ModuleName>System.Runtime.Serialization</ModuleName>
      <Classes />
    </Module>
    <Module skippedDueTo="MissingPdb" hash="34-55-8B-D2-C1-36-E3-50-6F-2E-14-B8-D4-E5-F4-4A-80-6F-BA-17">
      <ModulePath>C:\Program Files\Microsoft Visual Studio\2022\Professional\Common7\IDE\Extensions\TestPlatform\Microsoft.TestPlatform.PlatformAbstractions.dll</ModulePath>
      <ModuleTime>2022-08-04T08:21:17.0614429Z</ModuleTime>
      <ModuleName>Microsoft.TestPlatform.PlatformAbstractions</ModuleName>
      <Classes />
    </Module>
    <Module skippedDueTo="MissingPdb" hash="28-16-75-DD-27-1F-F4-BC-20-5B-AF-5E-1D-F5-54-54-98-D3-D0-65">
[...]
                <SequencePoint vc="0" uspid="34" ordinal="6" offset="173" sl="28" sc="9" el="28" ec="10" bec="0" bev="0" fileid="3" />
              </SequencePoints>
              <BranchPoints />
              <MethodPoint xsi:type="SequencePoint" vc="0" uspid="28" ordinal="0" offset="0" sl="10" sc="9" el="10" ec="10" bec="0" bev="0" fileid="3" />
            </Method>
            <Method visited="false" cyclomaticComplexity="1" nPathComplexity="0" sequenceCoverage="0" branchCoverage="0" crapScore="2" isConstructor="true" isStatic="false" isGetter="false" isSetter="false">
              <Summary numSequencePoints="0" visitedSequencePoints="0" numBranchPoints="0" visitedBranchPoints="0" sequenceCoverage="0" branchCoverage="0" maxCyclomaticComplexity="1" minCyclomaticComplexity="1" maxCrapScore="2" minCrapScore="2" visitedClasses="0" numClasses="0" visitedMethods="0" numMethods="0" />
              <MetadataToken>100663305</MetadataToken>
              <Name>System.Void WebApplication1.BundleConfig::.ctor()</Name>
              <SequencePoints />
              <BranchPoints />
              <MethodPoint vc="0" uspid="35" ordinal="0" offset="0" />
            </Method>
          </Methods>
        </Class>
        <Class>
          <Summary numSequencePoints="3" visitedSequencePoints="0" numBranchPoints="1" visitedBranchPoints="0" sequenceCoverage="0" branchCoverage="0" maxCyclomaticComplexity="1" minCyclomaticComplexity="1" maxCrapScore="2" minCrapScore="2" visitedClasses="0" numClasses="1" visitedMethods="0" numMethods="1" />
          <FullName>WebApplication1.FilterConfig</FullName>
          <Methods>
            <Method visited="false" cyclomaticComplexity="1" nPathComplexity="0" sequenceCoverage="0" branchCoverage="0" crapScore="2" isConstructor="false" isStatic="true" isGetter="false" isSetter="false">
              <Summary numSequencePoints="3" visitedSequencePoints="0" numBranchPoints="1" visitedBranchPoints="0" sequenceCoverage="0" branchCoverage="0" maxCyclomaticComplexity="1" minCyclomaticComplexity="1" maxCrapScore="2" minCrapScore="2" visitedClasses="0" numClasses="0" visitedMethods="0" numMethods="1" />
              <MetadataToken>100663306</MetadataToken>
              <Name>System.Void WebApplication1.FilterConfig::RegisterGlobalFilters(System.Web.Mvc.GlobalFilterCollection)</Name>
              <FileRef uid="4" />
              <SequencePoints>
                <SequencePoint vc="0" uspid="36" ordinal="0" offset="0" sl="9" sc="9" el="9" ec="10" bec="0" bev="0" fileid="4" />
                <SequencePoint vc="0" uspid="37" ordinal="1" offset="1" sl="10" sc="13" el="10" ec="53" bec="0" bev="0" fileid="4" />
                <SequencePoint vc="0" uspid="38" ordinal="2" offset="13" sl="11" sc="9" el="11" ec="10" bec="0" bev="0" fileid="4" />
              </SequencePoints>
              <BranchPoints />
              <MethodPoint xsi:type="SequencePoint" vc="0" uspid="36" ordinal="0" offset="0" sl="9" sc="9" el="9" ec="10" bec="0" bev="0" fileid="4" />
            </Method>
            <Method visited="false" cyclomaticComplexity="1" nPathComplexity="0" sequenceCoverage="0" branchCoverage="0" crapScore="2" isConstructor="true" isStatic="false" isGetter="false" isSetter="false">
              <Summary numSequencePoints="0" visitedSequencePoints="0" numBranchPoints="0" visitedBranchPoints="0" sequenceCoverage="0" branchCoverage="0" maxCyclomaticComplexity="1" minCyclomaticComplexity="1" maxCrapScore="2" minCrapScore="2" visitedClasses="0" numClasses="0" visitedMethods="0" numMethods="0" />
              <MetadataToken>100663307</MetadataToken>
              <Name>System.Void WebApplication1.FilterConfig::.ctor()</Name>
              <SequencePoints />
              <BranchPoints />
              <MethodPoint vc="0" uspid="39" ordinal="0" offset="0" />
            </Method>
          </Methods>
        </Class>
        <Class>
          <Summary numSequencePoints="4" visitedSequencePoints="0" numBranchPoints="1" visitedBranchPoints="0" sequenceCoverage="0" branchCoverage="0" maxCyclomaticComplexity="1" minCyclomaticComplexity="1" maxCrapScore="2" minCrapScore="2" visitedClasses="0" numClasses="1" visitedMethods="0" numMethods="1" />
          <FullName>WebApplication1.RouteConfig</FullName>
          <Methods>
            <Method visited="false" cyclomaticComplexity="1" nPathComplexity="0" sequenceCoverage="0" branchCoverage="0" crapScore="2" isConstructor="false" isStatic="true" isGetter="false" isSetter="false">
              <Summary numSequencePoints="4" visitedSequencePoints="0" numBranchPoints="1" visitedBranchPoints="0" sequenceCoverage="0" branchCoverage="0" maxCyclomaticComplexity="1" minCyclomaticComplexity="1" maxCrapScore="2" minCrapScore="2" visitedClasses="0" numClasses="0" visitedMethods="0" numMethods="1" />
              <MetadataToken>100663308</MetadataToken>
              <Name>System.Void WebApplication1.RouteConfig::RegisterRoutes(System.Web.Routing.RouteCollection)</Name>
              <FileRef uid="5" />
              <SequencePoints>
                <SequencePoint vc="0" uspid="40" ordinal="0" offset="0" sl="13" sc="9" el="13" ec="10" bec="0" bev="0" fileid="5" />
                <SequencePoint vc="0" uspid="41" ordinal="1" offset="1" sl="14" sc="13" el="14" ec="62" bec="0" bev="0" fileid="5" />
                <SequencePoint vc="0" uspid="42" ordinal="2" offset="13" sl="16" sc="13" el="20" ec="15" bec="0" bev="0" fileid="5" />
                <SequencePoint vc="0" uspid="43" ordinal="3" offset="50" sl="21" sc="9" el="21" ec="10" bec="0" bev="0" fileid="5" />
              </SequencePoints>
              <BranchPoints />
              <MethodPoint xsi:type="SequencePoint" vc="0" uspid="40" ordinal="0" offset="0" sl="13" sc="9" el="13" ec="10" bec="0" bev="0" fileid="5" />
            </Method>
            <Method visited="false" cyclomaticComplexity="1" nPathComplexity="0" sequenceCoverage="0" branchCoverage="0" crapScore="2" isConstructor="true" isStatic="false" isGetter="false" isSetter="false">
              <Summary numSequencePoints="0" visitedSequencePoints="0" numBranchPoints="0" visitedBranchPoints="0" sequenceCoverage="0" branchCoverage="0" maxCyclomaticComplexity="1" minCyclomaticComplexity="1" maxCrapScore="2" minCrapScore="2" visitedClasses="0" numClasses="0" visitedMethods="0" numMethods="0" />
              <MetadataToken>100663309</MetadataToken>
              <Name>System.Void WebApplication1.RouteConfig::.ctor()</Name>
              <SequencePoints />
              <BranchPoints />
              <MethodPoint vc="0" uspid="44" ordinal="0" offset="0" />
            </Method>
          </Methods>
        </Class>
        <Class>
          <Summary numSequencePoints="6" visitedSequencePoints="0" numBranchPoints="1" visitedBranchPoints="0" sequenceCoverage="0" branchCoverage="0" maxCyclomaticComplexity="1" minCyclomaticComplexity="1" maxCrapScore="2" minCrapScore="2" visitedClasses="0" numClasses="1" visitedMethods="0" numMethods="1" />
          <FullName>WebApplication1.MvcApplication</FullName>
          <Methods>
            <Method visited="false" cyclomaticComplexity="1" nPathComplexity="0" sequenceCoverage="0" branchCoverage="0" crapScore="2" isConstructor="false" isStatic="false" isGetter="false" isSetter="false">
              <Summary numSequencePoints="6" visitedSequencePoints="0" numBranchPoints="1" visitedBranchPoints="0" sequenceCoverage="0" branchCoverage="0" maxCyclomaticComplexity="1" minCyclomaticComplexity="1" maxCrapScore="2" minCrapScore="2" visitedClasses="0" numClasses="0" visitedMethods="0" numMethods="1" />
              <MetadataToken>100663310</MetadataToken>
              <Name>System.Void WebApplication1.MvcApplication::Application_Start()</Name>
              <FileRef uid="6" />
              <SequencePoints>
                <SequencePoint vc="0" uspid="45" ordinal="0" offset="0" sl="14" sc="9" el="14" ec="10" bec="0" bev="0" fileid="6" />
                <SequencePoint vc="0" uspid="46" ordinal="1" offset="1" sl="15" sc="13" el="15" ec="49" bec="0" bev="0" fileid="6" />
                <SequencePoint vc="0" uspid="47" ordinal="2" offset="7" sl="16" sc="13" el="16" ec="71" bec="0" bev="0" fileid="6" />
                <SequencePoint vc="0" uspid="48" ordinal="3" offset="18" sl="17" sc="13" el="17" ec="59" bec="0" bev="0" fileid="6" />
                <SequencePoint vc="0" uspid="49" ordinal="4" offset="29" sl="18" sc="13" el="18" ec="63" bec="0" bev="0" fileid="6" />
                <SequencePoint vc="0" uspid="50" ordinal="5" offset="40" sl="19" sc="9" el="19" ec="10" bec="0" bev="0" fileid="6" />
              </SequencePoints>
              <BranchPoints />
              <MethodPoint xsi:type="SequencePoint" vc="0" uspid="45" ordinal="0" offset="0" sl="14" sc="9" el="14" ec="10" bec="0" bev="0" fileid="6" />
            </Method>
            <Method visited="false" cyclomaticComplexity="1" nPathComplexity="0" sequenceCoverage="0" branchCoverage="0" crapScore="2" isConstructor="true" isStatic="false" isGetter="false" isSetter="false">
              <Summary numSequencePoints="0" visitedSequencePoints="0" numBranchPoints="0" visitedBranchPoints="0" sequenceCoverage="0" branchCoverage="0" maxCyclomaticComplexity="1" minCyclomaticComplexity="1" maxCrapScore="2" minCrapScore="2" visitedClasses="0" numClasses="0" visitedMethods="0" numMethods="0" />
              <MetadataToken>100663311</MetadataToken>
              <Name>System.Void WebApplication1.MvcApplication::.ctor()</Name>
              <SequencePoints />
              <BranchPoints />
              <MethodPoint vc="0" uspid="51" ordinal="0" offset="0" />
            </Method>
          </Methods>
        </Class>
        <Class>
          <Summary numSequencePoints="11" visitedSequencePoints="11" numBranchPoints="7" visitedBranchPoints="5" sequenceCoverage="100" branchCoverage="71.43" maxCyclomaticComplexity="2" minCyclomaticComplexity="1" maxCrapScore="2" minCrapScore="1" visitedClasses="1" numClasses="1" visitedMethods="3" numMethods="3" />
          <FullName>WebApplication1.Controllers.HomeController</FullName>
          <Methods>
            <Method visited="true" cyclomaticComplexity="1" nPathComplexity="0" sequenceCoverage="100" branchCoverage="100" crapScore="1" isConstructor="false" isStatic="false" isGetter="false" isSetter="false">
              <Summary numSequencePoints="3" visitedSequencePoints="3" numBranchPoints="1" visitedBranchPoints="1" sequenceCoverage="100" branchCoverage="100" maxCyclomaticComplexity="1" minCyclomaticComplexity="1" maxCrapScore="1" minCrapScore="1" visitedClasses="0" numClasses="0" visitedMethods="1" numMethods="1" />
              <MetadataToken>100663312</MetadataToken>
              <Name>System.Web.Mvc.ActionResult WebApplication1.Controllers.HomeController::Index()</Name>
              <FileRef uid="7" />
              <SequencePoints>
                <SequencePoint vc="1" uspid="52" ordinal="0" offset="0" sl="12" sc="9" el="12" ec="10" bec="0" bev="0" fileid="7" />
                <SequencePoint vc="1" uspid="53" ordinal="1" offset="1" sl="13" sc="13" el="13" ec="27" bec="0" bev="0" fileid="7" />
                <SequencePoint vc="1" uspid="54" ordinal="2" offset="10" sl="14" sc="9" el="14" ec="10" bec="0" bev="0" fileid="7" />
              </SequencePoints>
              <BranchPoints />
              <MethodPoint xsi:type="SequencePoint" vc="1" uspid="52" ordinal="0" offset="0" sl="12" sc="9" el="12" ec="10" bec="0" bev="0" fileid="7" />
            </Method>
            <Method visited="true" cyclomaticComplexity="2" nPathComplexity="2" sequenceCoverage="100" branchCoverage="66.67" crapScore="2" isConstructor="false" isStatic="false" isGetter="false" isSetter="false">
              <Summary numSequencePoints="4" visitedSequencePoints="4" numBranchPoints="3" visitedBranchPoints="2" sequenceCoverage="100" branchCoverage="66.67" maxCyclomaticComplexity="2" minCyclomaticComplexity="2" maxCrapScore="2" minCrapScore="2" visitedClasses="0" numClasses="0" visitedMethods="1" numMethods="1" />
              <MetadataToken>100663313</MetadataToken>
              <Name>System.Web.Mvc.ActionResult WebApplication1.Controllers.HomeController::About()</Name>
              <FileRef uid="7" />
              <SequencePoints>
                <SequencePoint vc="1" uspid="55" ordinal="0" offset="0" sl="18" sc="9" el="18" ec="10" bec="0" bev="0" fileid="7" />
                <SequencePoint vc="1" uspid="56" ordinal="1" offset="1" sl="19" sc="13" el="19" ec="68" bec="2" bev="1" fileid="7" />
                <SequencePoint vc="1" uspid="57" ordinal="2" offset="99" sl="21" sc="13" el="21" ec="27" bec="0" bev="0" fileid="7" />
                <SequencePoint vc="1" uspid="58" ordinal="3" offset="108" sl="22" sc="9" el="22" ec="10" bec="0" bev="0" fileid="7" />
              </SequencePoints>
              <BranchPoints>
                <BranchPoint vc="0" uspid="59" ordinal="0" offset="6" sl="19" path="0" offsetchain="8" offsetend="67" fileid="7" />
                <BranchPoint vc="1" uspid="60" ordinal="1" offset="6" sl="19" path="1" offsetend="10" fileid="7" />
              </BranchPoints>
              <MethodPoint xsi:type="SequencePoint" vc="1" uspid="55" ordinal="0" offset="0" sl="18" sc="9" el="18" ec="10" bec="0" bev="0" fileid="7" />
            </Method>
            <Method visited="true" cyclomaticComplexity="2" nPathComplexity="2" sequenceCoverage="100" branchCoverage="66.67" crapScore="2" isConstructor="false" isStatic="false" isGetter="false" isSetter="false">
              <Summary numSequencePoints="4" visitedSequencePoints="4" numBranchPoints="3" visitedBranchPoints="2" sequenceCoverage="100" branchCoverage="66.67" maxCyclomaticComplexity="2" minCyclomaticComplexity="2" maxCrapScore="2" minCrapScore="2" visitedClasses="0" numClasses="0" visitedMethods="1" numMethods="1" />
              <MetadataToken>100663314</MetadataToken>
              <Name>System.Web.Mvc.ActionResult WebApplication1.Controllers.HomeController::Contact()</Name>
              <FileRef uid="7" />
              <SequencePoints>
                <SequencePoint vc="1" uspid="61" ordinal="0" offset="0" sl="25" sc="9" el="25" ec="10" bec="0" bev="0" fileid="7" />
                <SequencePoint vc="1" uspid="62" ordinal="1" offset="1" sl="26" sc="13" el="26" ec="52" bec="2" bev="1" fileid="7" />
                <SequencePoint vc="1" uspid="63" ordinal="2" offset="99" sl="28" sc="13" el="28" ec="27" bec="0" bev="0" fileid="7" />
                <SequencePoint vc="1" uspid="64" ordinal="3" offset="108" sl="29" sc="9" el="29" ec="10" bec="0" bev="0" fileid="7" />
              </SequencePoints>
              <BranchPoints>
                <BranchPoint vc="0" uspid="65" ordinal="0" offset="6" sl="26" path="0" offsetchain="8" offsetend="67" fileid="7" />
                <BranchPoint vc="1" uspid="66" ordinal="1" offset="6" sl="26" path="1" offsetend="10" fileid="7" />
              </BranchPoints>
              <MethodPoint xsi:type="SequencePoint" vc="1" uspid="61" ordinal="0" offset="0" sl="25" sc="9" el="25" ec="10" bec="0" bev="0" fileid="7" />
            </Method>
            <Method visited="false" cyclomaticComplexity="1" nPathComplexity="0" sequenceCoverage="0" branchCoverage="0" crapScore="2" isConstructor="true" isStatic="false" isGetter="false" isSetter="false">
              <Summary numSequencePoints="0" visitedSequencePoints="0" numBranchPoints="0" visitedBranchPoints="0" sequenceCoverage="0" branchCoverage="0" maxCyclomaticComplexity="1" minCyclomaticComplexity="1" maxCrapScore="2" minCrapScore="2" visitedClasses="0" numClasses="0" visitedMethods="0" numMethods="0" />
              <MetadataToken>100663315</MetadataToken>
              <Name>System.Void WebApplication1.Controllers.HomeController::.ctor()</Name>
              <SequencePoints />
              <BranchPoints />
              <MethodPoint vc="0" uspid="67" ordinal="0" offset="0" />
            </Method>
          </Methods>
        </Class>
        <Class>
          <Summary numSequencePoints="0" visitedSequencePoints="0" numBranchPoints="0" visitedBranchPoints="0" sequenceCoverage="0" branchCoverage="0" maxCyclomaticComplexity="0" minCyclomaticComplexity="0" maxCrapScore="0" minCrapScore="0" visitedClasses="0" numClasses="0" visitedMethods="0" numMethods="0" />
          <FullName>WebApplication1.Controllers.HomeController/&lt;&gt;o__1</FullName>
          <Methods />
        </Class>
        <Class>
          <Summary numSequencePoints="0" visitedSequencePoints="0" numBranchPoints="0" visitedBranchPoints="0" sequenceCoverage="0" branchCoverage="0" maxCyclomaticComplexity="0" minCyclomaticComplexity="0" maxCrapScore="0" minCrapScore="0" visitedClasses="0" numClasses="0" visitedMethods="0" numMethods="0" />
          <FullName>WebApplication1.Controllers.HomeController/&lt;&gt;o__2</FullName>
          <Methods />
        </Class>
      </Classes>
    </Module>
    <Module skippedDueTo="Filter" hash="A4-5A-22-30-A0-7B-47-2E-D1-71-A6-CB-79-A9-C6-B7-B0-26-F6-DB">
      <ModulePath>D:\Trainingcontents\Newfolder\WebApplication1.Tests\bin\Debug\System.Web.Mvc.dll</ModulePath>
      <ModuleTime>2024-07-22T15:03:25.4097257Z</ModuleTime>
      <ModuleName>System.Web.Mvc</ModuleName>
      <Classes />
    </Module>
    <Module skippedDueTo="Filter" hash="ED-80-E7-55-CF-E0-F1-3F-10-32-78-05-04-B2-BB-E2-91-02-51-FF">
      <ModulePath>C:\WINDOWS\Microsoft.Net\assembly\GAC_32\System.Web\v4.0_4.0.0.0__b03f5f7f11d50a3a\System.Web.dll</ModulePath>
      <ModuleTime>2025-12-29T20:51:31.6658954Z</ModuleTime>
      <ModuleName>System.Web</ModuleName>
      <Classes />
    </Module>
    <Module skippedDueTo="Filter" hash="6B-D1-CE-1B-B1-BD-A2-98-BB-B8-12-9C-1F-71-DA-B5-1C-27-F6-FA">
      <ModulePath>D:\Trainingcontents\Newfolder\WebApplication1.Tests\bin\Debug\System.Web.WebPages.dll</ModulePath>
      <ModuleTime>2024-07-22T15:03:25.4858512Z</ModuleTime>
      <ModuleName>System.Web.WebPages</ModuleName>
      <Classes />
    </Module>
    <Module skippedDueTo="MissingPdb" hash="1F-49-E3-72-BD-A2-86-30-9A-16-77-26-9F-A9-0F-FD-9E-03-6F-68">
      <ModulePath>C:\WINDOWS\Microsoft.Net\assembly\GAC_MSIL\Microsoft.CSharp\v4.0_4.0.0.0__b03f5f7f11d50a3a\Microsoft.CSharp.dll</ModulePath>
      <ModuleTime>2024-04-01T07:22:28.6379849Z</ModuleTime>
      <ModuleName>Microsoft.CSharp</ModuleName>
      <Classes />
    </Module>
    <Module skippedDueTo="Filter" hash="87-5B-B9-37-FE-01-CF-7F-2C-35-8B-D0-43-35-C5-69-B3-47-B0-7B">
      <ModulePath>C:\WINDOWS\Microsoft.Net\assembly\GAC_MSIL\System.Dynamic\v4.0_4.0.0.0__b03f5f7f11d50a3a\System.Dynamic.dll</ModulePath>
      <ModuleTime>2024-04-01T07:22:28.0442316Z</ModuleTime>
      <ModuleName>System.Dynamic</ModuleName>
      <Classes />
    </Module>
    <Module skippedDueTo="MissingPdb" hash="">
      <ModulePath>RefEmit_InMemoryManifestModule</ModulePath>
      <ModuleTime>0001-01-01T00:00:00</ModuleTime>
      <ModuleName>Anonymously Hosted DynamicMethods Assembly</ModuleName>
      <Classes />
    </Module>
    <Module skippedDueTo="MissingPdb" hash="21-00-F5-51-C4-FB-F1-BE-D9-42-60-99-CA-A2-AD-CA-91-55-2A-2F">
      <ModulePath>C:\WINDOWS\Microsoft.Net\assembly\GAC_MSIL\SMDiagnostics\v4.0_4.0.0.0__b77a5c561934e089\SMDiagnostics.dll</ModulePath>
      <ModuleTime>2026-03-03T01:32:39.4527632Z</ModuleTime>
      <ModuleName>SMDiagnostics</ModuleName>
      <Classes />
    </Module>
    <Module skippedDueTo="Filter" hash="E1-02-59-5B-2C-77-6A-98-FD-52-18-22-EC-42-8F-8D-6F-17-47-CD">
      <ModulePath>C:\WINDOWS\Microsoft.Net\assembly\GAC_MSIL\System.ServiceModel.Internals\v4.0_4.0.0.0__31bf3856ad364e35\System.ServiceModel.Internals.dll</ModulePath>
      <ModuleTime>2026-03-03T01:32:39.4527632Z</ModuleTime>
      <ModuleName>System.ServiceModel.Internals</ModuleName>
      <Classes />
    </Module>
  </Modules>
</CoverageSession>